IQ-TREE multicore version 1.6.12 for Linux 64-bit built Aug 15 2019
Developed by Bui Quang Minh, Nguyen Lam Tung, Olga Chernomor,
Heiko Schmidt, Dominik Schrempf, Michael Woodhams.

Host:    p09r13n10.grace.hpc.yale.internal (AVX512, FMA3, 187 GB RAM)
Command: iqtree -s animal.alignment.fasta -bb 1000 -nt AUTO
Seed:    89873 (Using SPRNG - Scalable Parallel Random Number Generator)
Time:    Sun Nov  1 13:40:39 2020
Kernel:  AVX+FMA - auto-detect threads (36 CPU cores detected)

Reading alignment file animal.alignment.fasta ... Fasta format detected
Alignment most likely contains DNA/RNA sequences
WARNING: 616 sites contain only gaps or ambiguous characters.
Alignment has 8 sequences with 5480 columns, 944 distinct patterns
179 parsimony-informative, 1988 singleton sites, 3312 constant sites
WARNING: Some sequence names are changed as follows:
ref|XM_019998698.1| -> ref_XM_019998698.1_
ref|XM_012710296.1| -> ref_XM_012710296.1_
ref|XM_004998771.1| -> ref_XM_004998771.1_
ref|XM_002116260.1| -> ref_XM_002116260.1_

                                    Gap/Ambiguity  Composition  p-value
   1  Drosophila_melanogaster_BT053743.1   86.64%    failed      0.00%
   2  ref_XM_019998698.1_                  69.36%    failed      0.01%
   3  ref_XM_012710296.1_                  37.34%    failed      0.00%
   4  ref_XM_004998771.1_                  72.28%    failed      0.00%
   5  Ephydatia_muelleri_X69818.1          71.53%    failed      0.00%
   6  ref_XM_002116260.1_                  64.49%    failed      0.00%
   7  Monosiga_brevicollis_AF538053.1      96.41%    failed      0.00%
   8  Beroe_forskalii_MG655624.1           97.57%    failed      0.00%
WARNING: 7 sequences contain more than 50% gaps/ambiguity
****  TOTAL                                74.45%  8 sequences failed composition chi2 test (p-value<5%; df=3)


Create initial parsimony tree by phylogenetic likelihood library (PLL)... 0.000 seconds
NOTE: ModelFinder requires 6 MB RAM!
ModelFinder will test 286 DNA models (sample size: 5480) ...
 No. Model         -LnL         df  AIC          AICc         BIC
Measuring multi-threading efficiency up to 36 CPU cores
Increase to 10 rounds for branch lengths
10335 trees examined
Threads: 1 / Time: 36.000 sec / Speedup: 1.000 / Efficiency: 100% / LogL: -14487
Threads: 2 / Time: 33.997 sec / Speedup: 1.059 / Efficiency: 53% / LogL: -14487
Threads: 3 / Time: 30.362 sec / Speedup: 1.186 / Efficiency: 40% / LogL: -14487
BEST NUMBER OF THREADS: 2

  1  JC            14487.679    13  29001.358    29001.424    29087.273
  2  JC+I          14424.171    14  28876.342    28876.419    28968.866
  3  JC+G4         14429.598    14  28887.196    28887.273    28979.720
  4  JC+I+G4       14424.181    15  28878.361    28878.449    28977.494
  5  JC+R2         14432.732    15  28895.464    28895.552    28994.597
  6  JC+R3         14427.804    17  28889.608    28889.720    29001.958
 14  F81+F         14368.504    16  28769.009    28769.108    28874.750
 15  F81+F+I       14328.305    17  28690.610    28690.722    28802.960
 16  F81+F+G4      14334.677    17  28703.354    28703.466    28815.705
 17  F81+F+I+G4    14328.600    18  28693.200    28693.325    28812.160
 18  F81+F+R2      14335.398    18  28706.796    28706.921    28825.756
 19  F81+F+R3      14332.069    20  28704.138    28704.292    28836.315
 27  K2P           14480.260    14  28988.520    28988.597    29081.044
 28  K2P+I         14415.238    15  28860.476    28860.564    28959.609
 29  K2P+G4        14420.234    15  28870.467    28870.555    28969.600
 30  K2P+I+G4      14415.646    16  28863.291    28863.391    28969.033
 31  K2P+R2        14422.338    16  28876.675    28876.775    28982.417
 32  K2P+R3        14418.232    18  28872.464    28872.589    28991.423
 40  HKY+F         14339.645    17  28713.289    28713.402    28825.640
 41  HKY+F+I       14294.301    18  28624.602    28624.728    28743.562
 42  HKY+F+G4      14300.194    18  28636.388    28636.514    28755.348
 43  HKY+F+I+G4    14294.058    19  28626.115    28626.254    28751.684
 44  HKY+F+R2      14298.950    19  28635.900    28636.039    28761.468
 45  HKY+F+R3      14295.755    21  28633.510    28633.679    28772.296
 53  TNe           14438.601    15  28907.203    28907.291    29006.336
 54  TNe+I         14395.821    16  28823.642    28823.741    28929.384
 55  TNe+G4        14395.549    16  28823.098    28823.197    28928.840
 56  TNe+I+G4      14395.939    17  28825.877    28825.989    28938.228
 57  TNe+R2        14396.780    17  28827.561    28827.673    28939.911
 58  TNe+R3        14396.680    19  28831.361    28831.500    28956.929
 66  TN+F          14270.582    18  28577.165    28577.290    28696.124
 67  TN+F+I        14251.856    19  28541.712    28541.851    28667.280
 68  TN+F+G4       14247.829    19  28533.658    28533.797    28659.226
 69  TN+F+I+G4     14251.157    20  28542.314    28542.468    28674.492
 70  TN+F+R2       14249.498    20  28538.997    28539.151    28671.174
 71  TN+F+R3       14246.025    22  28536.050    28536.236    28681.445
 79  K3P           14474.765    15  28979.531    28979.619    29078.664
 80  K3P+I         14408.718    16  28849.437    28849.536    28955.179
 81  K3P+G4        14414.253    16  28860.506    28860.606    28966.248
 82  K3P+I+G4      14411.483    17  28856.966    28857.079    28969.317
 83  K3P+R2        14415.367    17  28864.735    28864.847    28977.085
 84  K3P+R3        14411.787    19  28861.574    28861.713    28987.142
 92  K3Pu+F        14335.271    18  28706.543    28706.668    28825.502
 93  K3Pu+F+I      14288.600    19  28615.200    28615.339    28740.768
 94  K3Pu+F+G4     14294.635    19  28627.269    28627.408    28752.837
 95  K3Pu+F+I+G4   14289.997    20  28619.995    28620.149    28752.172
 96  K3Pu+F+R2     14292.675    20  28625.351    28625.505    28757.528
 97  K3Pu+F+R3     14289.430    22  28622.860    28623.045    28768.255
105  TPM2+F        14047.627    18  28131.254    28131.379    28250.213
106  TPM2+F+I      14033.706    19  28105.413    28105.552    28230.981
107  TPM2+F+G4     14013.357    19  28064.713    28064.852    28190.281
108  TPM2+F+I+G4   14014.599    20  28069.198    28069.352    28201.375
109  TPM2+F+R2     14012.162    20  28064.325    28064.479    28196.502
110  TPM2+F+R3     14011.280    22  28066.560    28066.746    28211.955
118  TPM2u+F       14047.605    18  28131.210    28131.336    28250.170
119  TPM2u+F+I     14033.748    19  28105.496    28105.635    28231.064
120  TPM2u+F+G4    14013.403    19  28064.807    28064.946    28190.375
121  TPM2u+F+I+G4  14014.998    20  28069.996    28070.150    28202.174
122  TPM2u+F+R2    14011.706    20  28063.413    28063.567    28195.590
123  TPM2u+F+R3    14010.569    22  28065.138    28065.324    28210.533
131  TPM3+F        14339.645    18  28715.289    28715.415    28834.249
132  TPM3+F+I      14294.140    19  28626.280    28626.419    28751.848
133  TPM3+F+G4     14300.132    19  28638.264    28638.403    28763.832
134  TPM3+F+I+G4   14299.208    20  28638.416    28638.570    28770.594
135  TPM3+F+R2     14297.938    20  28635.876    28636.030    28768.053
136  TPM3+F+R3     14296.688    22  28637.375    28637.560    28782.770
144  TPM3u+F       14339.646    18  28715.291    28715.417    28834.251
145  TPM3u+F+I     14294.136    19  28626.273    28626.412    28751.841
146  TPM3u+F+G4    14300.127    19  28638.255    28638.394    28763.823
147  TPM3u+F+I+G4  14299.201    20  28638.401    28638.555    28770.578
148  TPM3u+F+R2    14297.298    20  28634.596    28634.750    28766.773
149  TPM3u+F+R3    14296.485    22  28636.970    28637.156    28782.365
157  TIMe          14433.061    16  28898.121    28898.221    29003.863
158  TIMe+I        14389.484    17  28812.968    28813.080    28925.318
159  TIMe+G4       14389.583    17  28813.166    28813.278    28925.517
160  TIMe+I+G4     14389.473    18  28814.946    28815.071    28933.905
161  TIMe+R2       14390.359    18  28816.718    28816.843    28935.678
162  TIMe+R3       14390.352    20  28820.704    28820.858    28952.881
170  TIM+F         14266.457    19  28570.914    28571.053    28696.482
171  TIM+F+I       14247.246    20  28534.492    28534.646    28666.669
172  TIM+F+G4      14243.154    20  28526.307    28526.461    28658.485
173  TIM+F+I+G4    14243.793    21  28529.586    28529.755    28668.372
174  TIM+F+R2      14245.004    21  28532.008    28532.177    28670.794
175  TIM+F+R3      14244.892    23  28535.784    28535.986    28687.788
183  TIM2e         14215.821    16  28463.642    28463.741    28569.383
184  TIM2e+I       14209.558    17  28453.117    28453.229    28565.467
185  TIM2e+G4      14186.946    17  28407.891    28408.003    28520.242
186  TIM2e+I+G4    14188.235    18  28412.469    28412.595    28531.429
187  TIM2e+R2      14172.886    18  28381.773    28381.898    28500.732
188  TIM2e+R3      14171.457    20  28382.914    28383.068    28515.091
196  TIM2+F        14033.906    19  28105.812    28105.951    28231.380
197  TIM2+F+I      14029.085    20  28098.169    28098.323    28230.346
198  TIM2+F+G4     14013.837    20  28067.675    28067.828    28199.852
199  TIM2+F+I+G4   14014.866    21  28071.732    28071.901    28210.518
200  TIM2+F+R2     14001.069    21  28044.138    28044.307    28182.924
201  TIM2+F+R3     13999.914    23  28045.828    28046.030    28197.831
209  TIM3e         14437.600    16  28907.199    28907.299    29012.941
210  TIM3e+I       14395.171    17  28824.342    28824.454    28936.693
211  TIM3e+G4      14394.847    17  28823.693    28823.805    28936.044
212  TIM3e+I+G4    14394.679    18  28825.357    28825.483    28944.317
213  TIM3e+R2      14396.346    18  28828.692    28828.818    28947.652
214  TIM3e+R3      14396.066    20  28832.133    28832.286    28964.310
222  TIM3+F        14270.572    19  28579.144    28579.283    28704.712
223  TIM3+F+I      14251.873    20  28543.747    28543.901    28675.924
224  TIM3+F+G4     14247.361    20  28534.722    28534.876    28666.900
225  TIM3+F+I+G4   14248.015    21  28538.031    28538.200    28676.817
226  TIM3+F+R2     14245.743    21  28533.486    28533.655    28672.272
227  TIM3+F+R3     14245.709    23  28537.418    28537.620    28689.422
235  TVMe          14215.433    17  28464.866    28464.978    28577.217
236  TVMe+I        14203.596    18  28443.193    28443.318    28562.152
237  TVMe+G4       14179.128    18  28394.255    28394.380    28513.215
238  TVMe+I+G4     14180.638    19  28399.275    28399.414    28524.844
239  TVMe+R2       14173.361    19  28384.723    28384.862    28510.291
240  TVMe+R3       14173.341    21  28388.682    28388.852    28527.469
248  TVM+F         14036.180    20  28112.359    28112.513    28244.537
249  TVM+F+I       14022.280    21  28086.559    28086.729    28225.346
250  TVM+F+G4      14005.979    21  28053.958    28054.127    28192.744
251  TVM+F+I+G4    14006.557    22  28057.114    28057.299    28202.509
252  TVM+F+R2      14004.131    22  28052.262    28052.448    28197.657
253  TVM+F+R3      14004.011    24  28056.021    28056.241    28214.634
261  SYM           14204.363    18  28444.727    28444.852    28563.686
262  SYM+I         14198.102    19  28434.203    28434.343    28559.772
263  SYM+G4        14180.386    19  28398.773    28398.912    28524.341
264  SYM+I+G4      14181.848    20  28403.696    28403.850    28535.874
265  SYM+R2        14166.362    20  28372.724    28372.878    28504.902
266  SYM+R3        14166.259    22  28376.518    28376.704    28521.913
274  GTR+F         14022.930    21  28087.860    28088.029    28226.646
275  GTR+F+I       14018.107    22  28080.214    28080.400    28225.609
276  GTR+F+G4      14006.181    22  28056.363    28056.548    28201.758
277  GTR+F+I+G4    14006.788    23  28059.576    28059.779    28211.580
278  GTR+F+R2      13993.740    23  28033.481    28033.683    28185.484
279  GTR+F+R3      13993.619    25  28037.238    28037.476    28202.459
Akaike Information Criterion:           GTR+F+R2
Corrected Akaike Information Criterion: GTR+F+R2
Bayesian Information Criterion:         TIM2+F+R2
Best-fit model: TIM2+F+R2 chosen according to BIC

All model information printed to animal.alignment.fasta.model.gz
CPU time for ModelFinder: 205.462 seconds (0h:3m:25s)
Wall-clock time for ModelFinder: 105.135 seconds (0h:1m:45s)
Generating 1000 samples for ultrafast bootstrap (seed: 89873)...

NOTE: 4 MB RAM (0 GB) is required!
Measuring multi-threading efficiency up to 36 CPU cores
Increase to 10 rounds for branch lengths
7577 trees examined
Threads: 1 / Time: 36.001 sec / Speedup: 1.000 / Efficiency: 100% / LogL: -14340
Threads: 2 / Time: 23.192 sec / Speedup: 1.552 / Efficiency: 78% / LogL: -14340
Threads: 3 / Time: 18.889 sec / Speedup: 1.906 / Efficiency: 64% / LogL: -14340
Threads: 4 / Time: 17.986 sec / Speedup: 2.002 / Efficiency: 50% / LogL: -14340
Threads: 5 / Time: 18.505 sec / Speedup: 1.945 / Efficiency: 39% / LogL: -14340
BEST NUMBER OF THREADS: 3

Estimate model parameters (epsilon = 0.100)
1. Initial log-likelihood: -14562.011
2. Current log-likelihood: -14069.383
3. Current log-likelihood: -14033.039
4. Current log-likelihood: -14018.071
5. Current log-likelihood: -14017.608
6. Current log-likelihood: -14017.468
7. Current log-likelihood: -14017.261
8. Current log-likelihood: -14017.059
9. Current log-likelihood: -14016.851
10. Current log-likelihood: -14016.654
11. Current log-likelihood: -14016.444
12. Current log-likelihood: -14016.243
13. Current log-likelihood: -14016.031
14. Current log-likelihood: -14015.827
15. Current log-likelihood: -14015.612
16. Current log-likelihood: -14015.406
17. Current log-likelihood: -14015.188
18. Current log-likelihood: -14014.967
19. Current log-likelihood: -14014.768
20. Current log-likelihood: -14014.481
21. Current log-likelihood: -14014.244
22. Current log-likelihood: -14014.013
23. Current log-likelihood: -14013.785
24. Current log-likelihood: -14013.557
25. Current log-likelihood: -14013.330
26. Current log-likelihood: -14013.106
27. Current log-likelihood: -14012.882
28. Current log-likelihood: -14012.661
29. Current log-likelihood: -14012.442
30. Current log-likelihood: -14012.225
31. Current log-likelihood: -14012.002
32. Current log-likelihood: -14011.808
33. Current log-likelihood: -14011.596
34. Current log-likelihood: -14011.402
35. Current log-likelihood: -14011.175
36. Current log-likelihood: -14010.987
37. Current log-likelihood: -14010.797
38. Current log-likelihood: -14010.580
39. Current log-likelihood: -14010.415
40. Current log-likelihood: -14010.203
41. Current log-likelihood: -14010.004
42. Current log-likelihood: -14009.801
43. Current log-likelihood: -14009.636
44. Current log-likelihood: -14009.455
45. Current log-likelihood: -14009.286
46. Current log-likelihood: -14009.122
47. Current log-likelihood: -14008.961
48. Current log-likelihood: -14008.806
49. Current log-likelihood: -14008.655
50. Current log-likelihood: -14008.510
51. Current log-likelihood: -14008.371
52. Current log-likelihood: -14008.231
53. Current log-likelihood: -14008.101
54. Current log-likelihood: -14007.969
55. Current log-likelihood: -14007.848
56. Current log-likelihood: -14007.724
Optimal log-likelihood: -14007.627
Rate parameters:  A-C: 8.44982  A-G: 0.96854  A-T: 8.44982  C-G: 1.00000  C-T: 4.03784  G-T: 1.00000
Base frequencies:  A: 0.279  C: 0.208  G: 0.320  T: 0.194
Site proportion and rates:  (0.621,0.328) (0.379,2.099)
Parameters optimization took 56 rounds (0.212 sec)
Computing ML distances based on estimated model parameters... 0.001 sec
WARNING: Some pairwise ML distances are too long (saturated)
Computing BIONJ tree...
0.001 seconds
Log-likelihood of BIONJ tree: -14005.145
--------------------------------------------------------------------
|             INITIALIZING CANDIDATE TREE SET                      |
--------------------------------------------------------------------
Generating 98 parsimony trees... 0.046 second
Computing log-likelihood of 84 initial trees ... 0.065 seconds
Current best score: -14005.145

Do NNI search on 20 best initial trees
Estimate model parameters (epsilon = 0.100)
BETTER TREE FOUND at iteration 1: -13994.210
Iteration 10 / LogL: -13994.214 / Time: 0h:1m:55s
Iteration 20 / LogL: -13994.377 / Time: 0h:1m:55s
Finish initializing candidate tree set (16)
Current best tree score: -13994.210 / CPU time: 0.523
Number of iterations: 20
--------------------------------------------------------------------
|               OPTIMIZING CANDIDATE TREE SET                      |
--------------------------------------------------------------------
UPDATE BEST LOG-LIKELIHOOD: -13994.209
BETTER TREE FOUND at iteration 22: -13994.209
UPDATE BEST LOG-LIKELIHOOD: -13994.209
UPDATE BEST LOG-LIKELIHOOD: -13994.208
Iteration 30 / LogL: -13994.208 / Time: 0h:1m:55s (0h:6m:6s left)
UPDATE BEST LOG-LIKELIHOOD: -13994.208
BETTER TREE FOUND at iteration 36: -13994.208
Iteration 40 / LogL: -13994.208 / Time: 0h:1m:55s (0h:4m:44s left)
Iteration 50 / LogL: -13994.208 / Time: 0h:1m:55s (0h:3m:23s left)
Log-likelihood cutoff on original alignment: -14011.979
UPDATE BEST LOG-LIKELIHOOD: -13994.208
WARNING: NNI search needs unusual large number of steps (8) to converge!
UPDATE BEST LOG-LIKELIHOOD: -13994.208
UPDATE BEST LOG-LIKELIHOOD: -13994.208
Iteration 60 / LogL: -13994.208 / Time: 0h:1m:55s (0h:2m:29s left)
BETTER TREE FOUND at iteration 64: -13994.208
UPDATE BEST LOG-LIKELIHOOD: -13994.208
UPDATE BEST LOG-LIKELIHOOD: -13994.208
UPDATE BEST LOG-LIKELIHOOD: -13994.208
UPDATE BEST LOG-LIKELIHOOD: -13994.208
Iteration 70 / LogL: -13994.288 / Time: 0h:1m:55s (0h:2m:37s left)
UPDATE BEST LOG-LIKELIHOOD: -13994.208
WARNING: NNI search needs unusual large number of steps (8) to converge!
WARNING: NNI search needs unusual large number of steps (8) to converge!
Iteration 80 / LogL: -13994.211 / Time: 0h:1m:56s (0h:2m:3s left)
WARNING: NNI search needs unusual large number of steps (8) to converge!
WARNING: NNI search needs unusual large number of steps (8) to converge!
Iteration 90 / LogL: -13994.215 / Time: 0h:1m:56s (0h:1m:36s left)
Iteration 100 / LogL: -13994.245 / Time: 0h:1m:56s (0h:1m:15s left)
Log-likelihood cutoff on original alignment: -14011.979
NOTE: Bootstrap correlation coefficient of split occurrence frequencies: 0.983
NOTE: UFBoot does not converge, continue at least 100 more iterations
UPDATE BEST LOG-LIKELIHOOD: -13994.208
Iteration 110 / LogL: -13994.208 / Time: 0h:1m:56s (0h:1m:36s left)
UPDATE BEST LOG-LIKELIHOOD: -13994.208
Iteration 120 / LogL: -13994.208 / Time: 0h:1m:56s (0h:1m:18s left)
UPDATE BEST LOG-LIKELIHOOD: -13994.208
Iteration 130 / LogL: -13994.213 / Time: 0h:1m:56s (0h:1m:3s left)
Iteration 140 / LogL: -13994.208 / Time: 0h:1m:56s (0h:0m:50s left)
Iteration 150 / LogL: -13994.208 / Time: 0h:1m:56s (0h:0m:39s left)
Log-likelihood cutoff on original alignment: -14011.730
WARNING: NNI search needs unusual large number of steps (8) to converge!
Iteration 160 / LogL: -13994.208 / Time: 0h:1m:56s (0h:0m:29s left)
Iteration 170 / LogL: -13994.208 / Time: 0h:1m:57s (0h:0m:20s left)
Iteration 180 / LogL: -13994.208 / Time: 0h:1m:57s (0h:0m:13s left)
WARNING: NNI search needs unusual large number of steps (8) to converge!
Iteration 190 / LogL: -13994.208 / Time: 0h:1m:57s (0h:0m:6s left)
WARNING: NNI search needs unusual large number of steps (8) to converge!
WARNING: NNI search needs unusual large number of steps (8) to converge!
WARNING: NNI search needs unusual large number of steps (8) to converge!
Iteration 200 / LogL: -13994.208 / Time: 0h:1m:57s (0h:0m:0s left)
Log-likelihood cutoff on original alignment: -14011.730
NOTE: Bootstrap correlation coefficient of split occurrence frequencies: 0.980
NOTE: UFBoot does not converge, continue at least 100 more iterations
Iteration 210 / LogL: -13994.208 / Time: 0h:1m:57s (0h:0m:50s left)
Iteration 220 / LogL: -13994.208 / Time: 0h:1m:57s (0h:0m:43s left)
Iteration 230 / LogL: -13994.217 / Time: 0h:1m:57s (0h:0m:36s left)
Iteration 240 / LogL: -13994.208 / Time: 0h:1m:57s (0h:0m:29s left)
WARNING: NNI search needs unusual large number of steps (8) to converge!
Iteration 250 / LogL: -13994.208 / Time: 0h:1m:58s (0h:0m:23s left)
Log-likelihood cutoff on original alignment: -14011.730
WARNING: NNI search needs unusual large number of steps (8) to converge!
Iteration 260 / LogL: -13994.208 / Time: 0h:1m:58s (0h:0m:18s left)
Iteration 270 / LogL: -13994.208 / Time: 0h:1m:58s (0h:0m:13s left)
Iteration 280 / LogL: -13994.208 / Time: 0h:1m:58s (0h:0m:8s left)
Iteration 290 / LogL: -13994.208 / Time: 0h:1m:58s (0h:0m:4s left)
Iteration 300 / LogL: -13994.208 / Time: 0h:1m:58s (0h:0m:0s left)
Log-likelihood cutoff on original alignment: -14011.730
NOTE: Bootstrap correlation coefficient of split occurrence frequencies: 0.981
NOTE: UFBoot does not converge, continue at least 100 more iterations
Iteration 310 / LogL: -13994.208 / Time: 0h:1m:58s (0h:0m:34s left)
Iteration 320 / LogL: -13994.282 / Time: 0h:1m:58s (0h:0m:29s left)
Iteration 330 / LogL: -13994.209 / Time: 0h:1m:59s (0h:0m:25s left)
Iteration 340 / LogL: -13994.208 / Time: 0h:1m:59s (0h:0m:21s left)
Iteration 350 / LogL: -13994.208 / Time: 0h:1m:59s (0h:0m:17s left)
Log-likelihood cutoff on original alignment: -14011.730
Iteration 360 / LogL: -13994.208 / Time: 0h:1m:59s (0h:0m:13s left)
Iteration 370 / LogL: -13994.208 / Time: 0h:1m:59s (0h:0m:9s left)
WARNING: NNI search needs unusual large number of steps (8) to converge!
Iteration 380 / LogL: -13994.208 / Time: 0h:1m:59s (0h:0m:6s left)
WARNING: NNI search needs unusual large number of steps (8) to converge!
Iteration 390 / LogL: -13994.208 / Time: 0h:1m:59s (0h:0m:3s left)
WARNING: NNI search needs unusual large number of steps (8) to converge!
WARNING: NNI search needs unusual large number of steps (8) to converge!
WARNING: NNI search needs unusual large number of steps (8) to converge!
Iteration 400 / LogL: -13994.208 / Time: 0h:1m:59s (0h:0m:0s left)
Log-likelihood cutoff on original alignment: -14011.730
NOTE: Bootstrap correlation coefficient of split occurrence frequencies: 0.997
TREE SEARCH COMPLETED AFTER 400 ITERATIONS / Time: 0h:1m:59s

--------------------------------------------------------------------
|                    FINALIZING TREE SEARCH                        |
--------------------------------------------------------------------
Performs final model parameters optimization
Estimate model parameters (epsilon = 0.010)
1. Initial log-likelihood: -13994.208
2. Current log-likelihood: -13994.197
3. Current log-likelihood: -13994.043
4. Current log-likelihood: -13993.814
5. Current log-likelihood: -13993.594
6. Current log-likelihood: -13993.384
7. Current log-likelihood: -13993.184
8. Current log-likelihood: -13992.993
9. Current log-likelihood: -13992.812
10. Current log-likelihood: -13992.593
11. Current log-likelihood: -13992.420
12. Current log-likelihood: -13992.257
13. Current log-likelihood: -13992.101
14. Current log-likelihood: -13991.927
15. Current log-likelihood: -13991.779
16. Current log-likelihood: -13991.639
17. Current log-likelihood: -13991.506
18. Current log-likelihood: -13991.379
19. Current log-likelihood: -13991.225
20. Current log-likelihood: -13991.104
21. Current log-likelihood: -13990.990
22. Current log-likelihood: -13990.880
23. Current log-likelihood: -13990.776
24. Current log-likelihood: -13990.645
25. Current log-likelihood: -13990.545
26. Current log-likelihood: -13990.451
27. Current log-likelihood: -13990.361
28. Current log-likelihood: -13990.275
29. Current log-likelihood: -13990.193
30. Current log-likelihood: -13990.115
31. Current log-likelihood: -13989.982
32. Current log-likelihood: -13989.889
33. Current log-likelihood: -13989.804
34. Current log-likelihood: -13989.723
35. Current log-likelihood: -13989.647
36. Current log-likelihood: -13989.574
37. Current log-likelihood: -13989.505
38. Current log-likelihood: -13989.440
39. Current log-likelihood: -13989.378
40. Current log-likelihood: -13989.319
41. Current log-likelihood: -13989.263
42. Current log-likelihood: -13989.209
43. Current log-likelihood: -13989.158
44. Current log-likelihood: -13989.109
45. Current log-likelihood: -13989.063
46. Current log-likelihood: -13988.980
47. Current log-likelihood: -13988.929
48. Current log-likelihood: -13988.882
49. Current log-likelihood: -13988.836
50. Current log-likelihood: -13988.794
51. Current log-likelihood: -13988.753
52. Current log-likelihood: -13988.714
53. Current log-likelihood: -13988.677
54. Current log-likelihood: -13988.642
55. Current log-likelihood: -13988.608
56. Current log-likelihood: -13988.576
57. Current log-likelihood: -13988.545
58. Current log-likelihood: -13988.502
59. Current log-likelihood: -13988.468
60. Current log-likelihood: -13988.437
61. Current log-likelihood: -13988.408
62. Current log-likelihood: -13988.375
63. Current log-likelihood: -13988.342
64. Current log-likelihood: -13988.311
65. Current log-likelihood: -13988.282
66. Current log-likelihood: -13988.251
67. Current log-likelihood: -13988.225
68. Current log-likelihood: -13988.200
69. Current log-likelihood: -13988.177
70. Current log-likelihood: -13988.148
71. Current log-likelihood: -13988.126
72. Current log-likelihood: -13988.106
73. Current log-likelihood: -13988.085
74. Current log-likelihood: -13988.066
75. Current log-likelihood: -13988.049
76. Current log-likelihood: -13988.030
77. Current log-likelihood: -13988.015
78. Current log-likelihood: -13987.999
79. Current log-likelihood: -13987.963
80. Current log-likelihood: -13987.935
81. Current log-likelihood: -13987.914
82. Current log-likelihood: -13987.894
83. Current log-likelihood: -13987.875
84. Current log-likelihood: -13987.858
85. Current log-likelihood: -13987.842
86. Current log-likelihood: -13987.826
87. Current log-likelihood: -13987.812
88. Current log-likelihood: -13987.798
89. Current log-likelihood: -13987.786
90. Current log-likelihood: -13987.775
91. Current log-likelihood: -13987.765
Optimal log-likelihood: -13987.753
Rate parameters:  A-C: 14.52105  A-G: 0.85864  A-T: 14.52105  C-G: 1.00000  C-T: 7.51280  G-T: 1.00000
Base frequencies:  A: 0.279  C: 0.208  G: 0.320  T: 0.194
Site proportion and rates:  (0.623,0.081) (0.377,2.520)
Parameters optimization took 91 rounds (0.259 sec)
BEST SCORE FOUND : -13987.753
Creating bootstrap support values...
Split supports printed to NEXUS file animal.alignment.fasta.splits.nex
Total tree length: 30.315

Total number of iterations: 400
CPU time used for tree search: 15.090 sec (0h:0m:15s)
Wall-clock time used for tree search: 5.081 sec (0h:0m:5s)
Total CPU time used: 319.901 sec (0h:5m:19s)
Total wall-clock time used: 120.228 sec (0h:2m:0s)

Computing bootstrap consensus tree...
Reading input file animal.alignment.fasta.splits.nex...
8 taxa and 84 splits.
Consensus tree written to animal.alignment.fasta.contree
Reading input trees file animal.alignment.fasta.contree
Log-likelihood of consensus tree: -13987.753

Analysis results written to: 
  IQ-TREE report:                animal.alignment.fasta.iqtree
  Maximum-likelihood tree:       animal.alignment.fasta.treefile
  Likelihood distances:          animal.alignment.fasta.mldist

Ultrafast bootstrap approximation results written to:
  Split support values:          animal.alignment.fasta.splits.nex
  Consensus tree:                animal.alignment.fasta.contree
  Screen log file:               animal.alignment.fasta.log

Date and Time: Sun Nov  1 13:44:24 2020
