IQ-TREE multicore version 1.6.12 for Linux 64-bit built Aug 15 2019
Developed by Bui Quang Minh, Nguyen Lam Tung, Olga Chernomor,
Heiko Schmidt, Dominik Schrempf, Michael Woodhams.

Host:    p09r11n18.grace.hpc.yale.internal (AVX512, FMA3, 187 GB RAM)
Command: iqtree -s alpha1_hydra_precursor_align_clean.fa -bb 1000 -nt AUTO
Seed:    975596 (Using SPRNG - Scalable Parallel Random Number Generator)
Time:    Tue Nov 24 12:01:40 2020
Kernel:  AVX+FMA - auto-detect threads (36 CPU cores detected)

Reading alignment file alpha1_hydra_precursor_align_clean.fa ... Fasta format detected
Alignment most likely contains protein sequences
Alignment has 13 sequences with 1723 columns, 1421 distinct patterns
698 parsimony-informative, 631 singleton sites, 394 constant sites
WARNING: Some sequence names are changed as follows:
ref|NP_001022662.2| -> ref_NP_001022662.2_
ref|XP_019864450.1| -> ref_XP_019864450.1_

                     Gap/Ambiguity  Composition  p-value
   1  Hydra                  0.00%    failed      0.00%
   2  Daphnia                4.29%    failed      0.02%
   3  Drosophila            39.70%    failed      2.51%
   4  ref_NP_001022662.2_    6.15%    failed      0.00%
   5  Trichoplax            30.93%    failed      0.00%
   6  Nematostella          34.18%    failed      3.06%
   7  Homo                  58.73%    failed      0.00%
   8  Bos                   28.85%    failed      0.00%
   9  ref_XP_019864450.1_   35.17%    failed      0.00%
  10  Salpingoeca           29.60%    failed      0.00%
  11  Monosiga              52.12%    failed      0.00%
  12  Escherichia           66.28%    failed      0.00%
  13  Ephydatia             65.12%    failed      0.00%
WARNING: 4 sequences contain more than 50% gaps/ambiguity
****  TOTAL                 34.70%  13 sequences failed composition chi2 test (p-value<5%; df=19)


Create initial parsimony tree by phylogenetic likelihood library (PLL)... 0.004 seconds
NOTE: ModelFinder requires 34 MB RAM!
ModelFinder will test 546 protein models (sample size: 1723) ...
 No. Model         -LnL         df  AIC          AICc         BIC
Measuring multi-threading efficiency up to 36 CPU cores
Increase to 10 rounds for branch lengths
677 trees examined
Threads: 1 / Time: 36.037 sec / Speedup: 1.000 / Efficiency: 100% / LogL: -32217
Threads: 2 / Time: 20.382 sec / Speedup: 1.768 / Efficiency: 88% / LogL: -32217
Threads: 3 / Time: 22.219 sec / Speedup: 1.622 / Efficiency: 54% / LogL: -32217
Threads: 4 / Time: 18.557 sec / Speedup: 1.942 / Efficiency: 49% / LogL: -32217
BEST NUMBER OF THREADS: 2

  1  Dayhoff       31910.970    23  63867.939    63868.589    63993.331
  2  Dayhoff+I     30928.212    24  61904.424    61905.130    62035.267
  3  Dayhoff+G4    30622.736    24  61293.471    61294.178    61424.315
  4  Dayhoff+I+G4  30573.328    25  61196.655    61197.421    61332.951
  5  Dayhoff+R2    30756.222    25  61562.444    61563.210    61698.739
  6  Dayhoff+R3    30615.600    27  61285.200    61286.092    61432.399
  7  Dayhoff+R4    30582.199    29  61222.398    61223.425    61380.501
  8  Dayhoff+R5    30572.720    31  61207.440    61208.614    61376.447
  9  Dayhoff+R6    30565.789    33  61197.579    61198.908    61377.489
 14  Dayhoff+F     31375.304    42  62834.608    62836.758    63063.585
 15  Dayhoff+F+I   30772.644    43  61631.289    61633.543    61865.717
 16  Dayhoff+F+G4  30460.333    43  61006.667    61008.920    61241.095
 17  Dayhoff+F+I+G4 30431.926    44  60951.853    60954.213    61191.733
 18  Dayhoff+F+R2  30553.147    44  61194.293    61196.653    61434.173
 19  Dayhoff+F+R3  30467.067    46  61026.135    61028.715    61276.918
 20  Dayhoff+F+R4  30447.116    48  60990.232    60993.042    61251.920
 21  Dayhoff+F+R5  30443.689    50  60987.377    60990.428    61259.969
 27  mtMAM         33472.927    23  66991.854    66992.503    67117.245
 28  mtMAM+I       32892.940    24  65833.879    65834.586    65964.723
 29  mtMAM+G4      32374.402    24  64796.803    64797.510    64927.647
 30  mtMAM+I+G4    32353.454    25  64756.908    64757.675    64893.204
 31  mtMAM+R2      32448.731    25  64947.462    64948.228    65083.757
 32  mtMAM+R3      32342.640    27  64739.280    64740.172    64886.479
 33  mtMAM+R4      32331.057    29  64720.115    64721.143    64878.218
 34  mtMAM+R5      32329.535    31  64721.070    64722.243    64890.076
 40  mtMAM+F       31314.004    42  62712.008    62714.158    62940.984
 41  mtMAM+F+I     30884.433    43  61854.867    61857.121    62089.295
 42  mtMAM+F+G4    30441.304    43  60968.608    60970.862    61203.036
 43  mtMAM+F+I+G4  30412.214    44  60912.428    60914.788    61152.308
 44  mtMAM+F+R2    30462.869    44  61013.737    61016.097    61253.617
 45  mtMAM+F+R3    30411.779    46  60915.558    60918.138    61166.342
 46  mtMAM+F+R4    30405.928    48  60907.856    60910.666    61169.544
 53  JTT           31971.496    23  63988.993    63989.643    64114.385
 54  JTT+I         30893.081    24  61834.162    61834.869    61965.006
 55  JTT+G4        30528.904    24  61105.808    61106.515    61236.652
 56  JTT+I+G4      30486.545    25  61023.089    61023.855    61159.385
 57  JTT+R2        30599.826    25  61249.652    61250.418    61385.948
 58  JTT+R3        30496.590    27  61047.181    61048.073    61194.380
 59  JTT+R4        30473.569    29  61005.139    61006.167    61163.242
 60  JTT+R5        30468.230    31  60998.460    60999.634    61167.467
 66  JTT+F         31575.725    42  63235.449    63237.599    63464.426
 67  JTT+F+I       30880.949    43  61847.897    61850.151    62082.326
 68  JTT+F+G4      30567.612    43  61221.224    61223.478    61455.653
 69  JTT+F+I+G4    30537.735    44  61163.470    61165.830    61403.351
 70  JTT+F+R2      30639.178    44  61366.356    61368.716    61606.236
 71  JTT+F+R3      30555.906    46  61203.811    61206.391    61454.595
 72  JTT+F+R4      30540.799    48  61177.598    61180.408    61439.285
 73  JTT+F+R5      30538.417    50  61176.835    61179.885    61449.426
 79  WAG           31177.529    23  62401.057    62401.707    62526.449
 80  WAG+I         30530.047    24  61108.095    61108.801    61238.938
 81  WAG+G4        30349.050    24  60746.099    60746.806    60876.943
 82  WAG+I+G4      30295.090    25  60640.179    60640.945    60776.475
 83  WAG+R2        30335.872    25  60721.744    60722.510    60858.040
 84  WAG+R3        30283.803    27  60621.606    60622.498    60768.805
 85  WAG+R4        30280.583    29  60619.165    60620.193    60777.268
 92  WAG+F         30703.761    42  61491.522    61493.672    61720.498
 93  WAG+F+I       30316.951    43  60719.903    60722.156    60954.331
 94  WAG+F+G4      30150.838    43  60387.676    60389.930    60622.105
 95  WAG+F+I+G4    30111.179    44  60310.359    60312.719    60550.239
 96  WAG+F+R2      30160.641    44  60409.281    60411.641    60649.161
 97  WAG+F+R3      30108.989    46  60309.978    60312.558    60560.762
 98  WAG+F+R4      30104.604    48  60305.208    60308.018    60566.895
105  cpREV         31436.703    23  62919.407    62920.057    63044.799
106  cpREV+I       30894.489    24  61836.979    61837.686    61967.823
107  cpREV+G4      30613.215    24  61274.430    61275.137    61405.274
108  cpREV+I+G4    30575.725    25  61201.450    61202.216    61337.746
109  cpREV+R2      30616.578    25  61283.156    61283.922    61419.452
110  cpREV+R3      30563.318    27  61180.636    61181.528    61327.835
111  cpREV+R4      30561.245    29  61180.491    61181.519    61338.594
118  cpREV+F       30883.646    42  61851.293    61853.443    62080.269
119  cpREV+F+I     30518.369    43  61122.737    61124.991    61357.166
120  cpREV+F+G4    30218.339    43  60522.677    60524.931    60757.106
121  cpREV+F+I+G4  30192.484    44  60472.967    60475.327    60712.847
122  cpREV+F+R2    30249.269    44  60586.538    60588.898    60826.418
123  cpREV+F+R3    30189.192    46  60470.384    60472.964    60721.168
124  cpREV+F+R4    30185.950    48  60467.900    60470.710    60729.588
131  mtREV         32687.567    23  65421.133    65421.783    65546.525
132  mtREV+I       32250.913    24  64549.827    64550.534    64680.671
133  mtREV+G4      31924.822    24  63897.645    63898.352    64028.489
134  mtREV+I+G4    31895.097    25  63840.194    63840.960    63976.489
135  mtREV+R2      31917.971    25  63885.942    63886.708    64022.238
136  mtREV+R3      31886.134    27  63826.269    63827.161    63973.468
137  mtREV+R4      31877.046    29  63812.091    63813.119    63970.194
138  mtREV+R5      31876.142    31  63814.283    63815.457    63983.290
144  mtREV+F       30610.268    42  61304.537    61306.687    61533.513
145  mtREV+F+I     30328.225    43  60742.451    60744.705    60976.879
146  mtREV+F+G4    30052.571    43  60191.143    60193.396    60425.571
147  mtREV+F+I+G4  30025.195    44  60138.390    60140.750    60378.270
148  mtREV+F+R2    30051.494    44  60190.989    60193.348    60430.869
149  mtREV+F+R3    30017.840    46  60127.681    60130.261    60378.465
150  mtREV+F+R4    30011.164    48  60118.329    60121.139    60380.016
157  rtREV         31189.049    23  62424.098    62424.748    62549.490
158  rtREV+I       30524.941    24  61097.881    61098.588    61228.725
159  rtREV+G4      30198.030    24  60444.060    60444.767    60574.904
160  rtREV+I+G4    30158.251    25  60366.502    60367.268    60502.797
161  rtREV+R2      30214.233    25  60478.465    60479.231    60614.761
162  rtREV+R3      30150.779    27  60355.558    60356.450    60502.757
163  rtREV+R4      30144.021    29  60346.042    60347.070    60504.145
170  rtREV+F       30896.295    42  61876.590    61878.740    62105.566
171  rtREV+F+I     30459.571    43  61005.141    61007.395    61239.570
172  rtREV+F+G4    30230.671    43  60547.342    60549.596    60781.771
173  rtREV+F+I+G4  30193.813    44  60475.627    60477.987    60715.507
174  rtREV+F+R2    30251.592    44  60591.184    60593.544    60831.064
175  rtREV+F+R3    30194.572    46  60481.143    60483.723    60731.927
176  rtREV+F+R4    30184.226    48  60464.452    60467.262    60726.139
177  rtREV+F+R5    30183.901    50  60467.801    60470.852    60740.392
183  mtART         35143.864    23  70333.727    70334.377    70459.119
184  mtART+I       33741.368    24  67530.736    67531.442    67661.579
185  mtART+G4      32954.197    24  65956.394    65957.101    66087.238
186  mtART+I+G4    32886.687    25  65823.374    65824.141    65959.670
187  mtART+R2      33096.927    25  66243.854    66244.620    66380.150
188  mtART+R3      32881.054    27  65816.108    65817.000    65963.307
189  mtART+R4      32860.284    29  65778.567    65779.595    65936.670
190  mtART+R5      32859.188    31  65780.376    65781.549    65949.382
196  mtART+F       31998.051    42  64080.102    64082.252    64309.078
197  mtART+F+I     31287.056    43  62660.112    62662.366    62894.541
198  mtART+F+G4    30608.186    43  61302.372    61304.626    61536.801
199  mtART+F+I+G4  30567.305    44  61222.609    61224.969    61462.490
200  mtART+F+R2    30716.750    44  61521.500    61523.860    61761.380
201  mtART+F+R3    30604.287    46  61300.574    61303.154    61551.358
202  mtART+F+R4    30584.022    48  61264.044    61266.854    61525.732
203  mtART+F+R5    30583.286    50  61266.571    61269.621    61539.162
209  mtZOA         34669.915    23  69385.830    69386.480    69511.222
210  mtZOA+I       33105.799    24  66259.598    66260.305    66390.442
211  mtZOA+G4      32370.622    24  64789.245    64789.952    64920.089
212  mtZOA+I+G4    32295.974    25  64641.947    64642.713    64778.243
213  mtZOA+R2      32425.074    25  64900.148    64900.914    65036.444
214  mtZOA+R3      32258.748    27  64571.496    64572.388    64718.695
215  mtZOA+R4      32231.044    29  64520.088    64521.116    64678.191
216  mtZOA+R5      32229.949    31  64521.899    64523.072    64690.905
222  mtZOA+F       32019.032    42  64122.064    64124.214    64351.041
223  mtZOA+F+I     31257.198    43  62600.396    62602.650    62834.824
224  mtZOA+F+G4    30603.059    43  61292.118    61294.372    61526.546
225  mtZOA+F+I+G4  30567.848    44  61223.697    61226.057    61463.577
226  mtZOA+F+R2    30720.662    44  61529.323    61531.683    61769.204
227  mtZOA+F+R3    30615.581    46  61323.162    61325.741    61573.945
228  mtZOA+F+R4    30587.060    48  61270.120    61272.930    61531.808
229  mtZOA+F+R5    30586.341    50  61272.681    61275.731    61545.272
235  VT            31278.713    23  62603.426    62604.075    62728.817
236  VT+I          30485.659    24  61019.318    61020.025    61150.162
237  VT+G4         30309.870    24  60667.739    60668.446    60798.583
238  VT+I+G4       30248.135    25  60546.270    60547.036    60682.565
239  VT+R2         30264.647    25  60579.295    60580.061    60715.590
240  VT+R3         30222.089    27  60498.178    60499.070    60645.377
241  VT+R4         30218.812    29  60495.624    60496.652    60653.727
248  VT+F          30862.216    42  61808.431    61810.581    62037.408
249  VT+F+I        30375.252    43  60836.505    60838.759    61070.933
250  VT+F+G4       30268.409    43  60622.818    60625.071    60857.246
251  VT+F+I+G4     30211.623    44  60511.247    60513.606    60751.127
252  VT+F+R2       30233.702    44  60555.404    60557.764    60795.284
253  VT+F+R3       30199.325    46  60490.651    60493.231    60741.435
254  VT+F+R4       30196.120    48  60488.241    60491.051    60749.928
261  LG            31881.059    23  63808.118    63808.767    63933.510
262  LG+I          30948.765    24  61945.530    61946.236    62076.373
263  LG+G4         30519.355    24  61086.711    61087.417    61217.554
264  LG+I+G4       30479.051    25  61008.103    61008.869    61144.398
265  LG+R2         30548.899    25  61147.799    61148.565    61284.094
266  LG+R3         30477.513    27  61009.025    61009.917    61156.224
267  LG+R4         30471.170    29  61000.339    61001.367    61158.442
274  LG+F          31232.895    42  62549.790    62551.940    62778.767
275  LG+F+I        30688.493    43  61462.985    61465.239    61697.414
276  LG+F+G4       30360.994    43  60807.988    60810.242    61042.417
277  LG+F+I+G4     30332.675    44  60753.350    60755.710    60993.230
278  LG+F+R2       30423.540    44  60935.079    60937.439    61174.960
279  LG+F+R3       30347.789    46  60787.577    60790.157    61038.361
280  LG+F+R4       30338.442    48  60772.883    60775.693    61034.570
281  LG+F+R5       30337.880    50  60775.761    60778.811    61048.352
287  DCMut         31907.017    23  63860.033    63860.683    63985.425
288  DCMut+I       30924.804    24  61897.609    61898.315    62028.453
289  DCMut+G4      30620.995    24  61289.991    61290.698    61420.835
290  DCMut+I+G4    30571.314    25  61192.628    61193.394    61328.924
291  DCMut+R2      30618.858    25  61287.716    61288.482    61424.011
292  DCMut+R3      30563.398    27  61180.797    61181.689    61327.996
293  DCMut+R4      30555.397    29  61168.794    61169.822    61326.897
294  DCMut+R5      30554.489    31  61170.979    61172.152    61339.985
300  DCMut+F       31375.166    42  62834.332    62836.482    63063.308
301  DCMut+F+I     30771.952    43  61629.904    61632.158    61864.332
302  DCMut+F+G4    30460.900    43  61007.800    61010.054    61242.228
303  DCMut+F+I+G4  30432.396    44  60952.793    60955.152    61192.673
304  DCMut+F+R2    30500.341    44  61088.683    61091.043    61328.563
305  DCMut+F+R3    30447.335    46  60986.670    60989.250    61237.454
306  DCMut+F+R4    30436.895    48  60969.790    60972.600    61231.478
307  DCMut+F+R5    30435.872    50  60971.743    60974.794    61244.335
313  PMB           31203.817    23  62453.634    62454.284    62579.026
314  PMB+I         30560.296    24  61168.591    61169.298    61299.435
315  PMB+G4        30493.110    24  61034.221    61034.927    61165.064
316  PMB+I+G4      30411.754    25  60873.509    60874.275    61009.805
317  PMB+R2        30397.398    25  60844.796    60845.562    60981.092
318  PMB+R3        30373.886    27  60801.771    60802.663    60948.971
319  PMB+R4        30373.841    29  60805.682    60806.710    60963.785
326  PMB+F         30620.774    42  61325.548    61327.698    61554.524
327  PMB+F+I       30190.547    43  60467.094    60469.348    60701.523
328  PMB+F+G4      30154.375    43  60394.750    60397.004    60629.179
329  PMB+F+I+G4    30082.919    44  60253.837    60256.197    60493.718
330  PMB+F+R2      30084.563    44  60257.126    60259.486    60497.006
331  PMB+F+R3      30061.129    46  60214.259    60216.839    60465.042
332  PMB+F+R4      30061.125    48  60218.249    60221.059    60479.937
339  HIVb          32851.570    23  65749.141    65749.791    65874.533
340  HIVb+I        31487.103    24  63022.205    63022.912    63153.049
341  HIVb+G4       30981.199    24  62010.398    62011.105    62141.242
342  HIVb+I+G4     30930.338    25  61910.676    61911.442    62046.971
343  HIVb+R2       31019.143    25  62088.287    62089.053    62224.582
344  HIVb+R3       30909.124    27  61872.247    61873.139    62019.446
345  HIVb+R4       30906.709    29  61871.419    61872.447    62029.522
352  HIVb+F        32183.889    42  64451.778    64453.928    64680.754
353  HIVb+F+I      31306.557    43  62699.113    62701.367    62933.542
354  HIVb+F+G4     30795.713    43  61677.425    61679.679    61911.854
355  HIVb+F+I+G4   30767.092    44  61622.183    61624.543    61862.063
356  HIVb+F+R2     30931.682    44  61951.364    61953.724    62191.244
357  HIVb+F+R3     30786.560    46  61665.120    61667.700    61915.904
358  HIVb+F+R4     30786.520    48  61669.040    61671.850    61930.728
365  HIVw          34168.951    23  68383.903    68384.553    68509.295
366  HIVw+I        32465.942    24  64979.884    64980.591    65110.728
367  HIVw+G4       31761.059    24  63570.118    63570.825    63700.962
368  HIVw+I+G4     31727.658    25  63505.316    63506.082    63641.612
369  HIVw+R2       31917.562    25  63885.123    63885.889    64021.419
370  HIVw+R3       31740.302    27  63534.603    63535.495    63681.802
371  HIVw+R4       31740.301    29  63538.603    63539.630    63696.706
378  HIVw+F        33101.074    42  66286.148    66288.298    66515.124
379  HIVw+F+I      31884.749    43  63855.499    63857.753    64089.927
380  HIVw+F+G4     31223.576    43  62533.152    62535.406    62767.581
381  HIVw+F+I+G4   31201.621    44  62491.242    62493.602    62731.122
382  HIVw+F+R2     31455.884    44  62999.768    63002.128    63239.648
383  HIVw+F+R3     31212.003    46  62516.005    62518.585    62766.789
384  HIVw+F+R4     31211.990    48  62519.979    62522.789    62781.667
391  JTTDCMut      31882.155    23  63810.310    63810.960    63935.702
392  JTTDCMut+I    30855.611    24  61759.222    61759.928    61890.065
393  JTTDCMut+G4   30514.977    24  61077.953    61078.660    61208.797
394  JTTDCMut+I+G4 30471.054    25  60992.108    60992.874    61128.404
395  JTTDCMut+R2   30506.635    25  61063.270    61064.036    61199.566
396  JTTDCMut+R3   30445.979    27  60945.959    60946.851    61093.158
397  JTTDCMut+R4   30445.971    29  60949.943    60950.971    61108.046
404  JTTDCMut+F    31482.641    42  63049.283    63051.433    63278.259
405  JTTDCMut+F+I  30823.985    43  61733.970    61736.224    61968.398
406  JTTDCMut+F+G4 30530.613    43  61147.226    61149.480    61381.654
407  JTTDCMut+F+I+G4 30498.197    44  61084.393    61086.753    61324.274
408  JTTDCMut+F+R2 30560.670    44  61209.340    61211.700    61449.221
409  JTTDCMut+F+R3 30497.998    46  61087.997    61090.577    61338.781
410  JTTDCMut+F+R4 30497.951    48  61091.902    61094.712    61353.589
417  FLU           32554.722    23  65155.445    65156.095    65280.837
418  FLU+I         31425.953    24  62899.907    62900.614    63030.751
419  FLU+G4        30965.646    24  61979.292    61979.999    62110.136
420  FLU+I+G4      30925.669    25  61901.338    61902.105    62037.634
421  FLU+R2        30993.785    25  62037.569    62038.335    62173.865
422  FLU+R3        30919.493    27  61892.985    61893.877    62040.184
423  FLU+R4        30919.486    29  61896.973    61898.001    62055.076
430  FLU+F         31919.229    42  63922.457    63924.607    64151.434
431  FLU+F+I       31152.914    43  62391.829    62394.083    62626.257
432  FLU+F+G4      30672.400    43  61430.800    61433.054    61665.228
433  FLU+F+I+G4    30650.706    44  61389.412    61391.772    61629.292
434  FLU+F+R2      30796.374    44  61680.748    61683.108    61920.629
435  FLU+F+R3      30668.784    46  61429.568    61432.148    61680.352
436  FLU+F+R4      30668.747    48  61433.494    61436.304    61695.182
443  Blosum62      31292.290    23  62630.579    62631.229    62755.971
444  Blosum62+I    30607.137    24  61262.275    61262.981    61393.118
445  Blosum62+G4   30489.251    24  61026.501    61027.208    61157.345
446  Blosum62+I+G4 30416.397    25  60882.794    60883.560    61019.089
447  Blosum62+R2   30415.444    25  60880.887    60881.653    61017.183
448  Blosum62+R3   30384.068    27  60822.136    60823.028    60969.335
449  Blosum62+R4   30384.060    29  60826.119    60827.147    60984.222
456  Blosum62+F    30710.192    42  61504.384    61506.534    61733.361
457  Blosum62+F+I  30265.567    43  60617.133    60619.387    60851.562
458  Blosum62+F+G4 30190.591    43  60467.182    60469.435    60701.610
459  Blosum62+F+I+G4 30127.175    44  60342.349    60344.709    60582.229
460  Blosum62+F+R2 30144.160    44  60376.320    60378.680    60616.200
461  Blosum62+F+R3 30110.187    46  60312.374    60314.954    60563.158
462  Blosum62+F+R4 30110.070    48  60316.139    60318.949    60577.827
469  mtMet         34711.409    23  69468.818    69469.468    69594.210
470  mtMet+I       33405.126    24  66858.251    66858.958    66989.095
471  mtMet+G4      32917.560    24  65883.119    65883.826    66013.963
472  mtMet+I+G4    32831.616    25  65713.232    65713.998    65849.527
473  mtMet+R2      32780.320    25  65610.639    65611.405    65746.935
474  mtMet+R3      32740.501    27  65535.002    65535.894    65682.201
475  mtMet+R4      32736.967    29  65531.934    65532.961    65690.036
482  mtMet+F       32089.594    42  64263.189    64265.339    64492.165
483  mtMet+F+I     31255.826    43  62597.653    62599.907    62832.081
484  mtMet+F+G4    30699.195    43  61484.389    61486.643    61718.818
485  mtMet+F+I+G4  30665.741    44  61419.482    61421.842    61659.363
486  mtMet+F+R2    30774.757    44  61637.514    61639.874    61877.395
487  mtMet+F+R3    30693.374    46  61478.748    61481.328    61729.531
488  mtMet+F+R4    30692.225    48  61480.450    61483.260    61742.137
495  mtVer         34157.847    23  68361.693    68362.343    68487.085
496  mtVer+I       33052.519    24  66153.038    66153.744    66283.882
497  mtVer+G4      32566.244    24  65180.489    65181.196    65311.333
498  mtVer+I+G4    32505.663    25  65061.326    65062.092    65197.622
499  mtVer+R2      32469.239    25  64988.478    64989.244    65124.773
500  mtVer+R3      32430.966    27  64915.931    64916.823    65063.131
501  mtVer+R4      32428.883    29  64915.765    64916.793    65073.868
508  mtVer+F       32386.504    42  64857.009    64859.159    65085.985
509  mtVer+F+I     31474.932    43  63035.864    63038.117    63270.292
510  mtVer+F+G4    30839.972    43  61765.943    61768.197    62000.371
511  mtVer+F+I+G4  30809.267    44  61706.534    61708.894    61946.414
512  mtVer+F+R2    30933.710    44  61955.420    61957.780    62195.301
513  mtVer+F+R3    30839.840    46  61771.680    61774.260    62022.464
514  mtVer+F+R4    30839.802    48  61775.604    61778.414    62037.291
521  mtInv         35289.081    23  70624.162    70624.812    70749.554
522  mtInv+I       33939.901    24  67927.802    67928.509    68058.646
523  mtInv+G4      33485.052    24  67018.104    67018.811    67148.948
524  mtInv+I+G4    33390.850    25  66831.699    66832.465    66967.995
525  mtInv+R2      33343.351    25  66736.702    66737.469    66872.998
526  mtInv+R3      33289.207    27  66632.413    66633.305    66779.612
527  mtInv+R4      33282.068    29  66622.136    66623.164    66780.239
534  mtInv+F       31894.135    42  63872.269    63874.419    64101.246
535  mtInv+F+I     31099.943    43  62285.885    62288.139    62520.314
536  mtInv+F+G4    30618.638    43  61323.277    61325.531    61557.705
537  mtInv+F+I+G4  30585.017    44  61258.033    61260.393    61497.913
538  mtInv+F+R2    30686.019    44  61460.038    61462.398    61699.918
539  mtInv+F+R3    30602.725    46  61297.450    61300.029    61548.233
540  mtInv+F+R4    30601.290    48  61298.580    61301.390    61560.268
Akaike Information Criterion:           mtREV+F+R4
Corrected Akaike Information Criterion: mtREV+F+R4
Bayesian Information Criterion:         mtREV+F+I+G4
Best-fit model: mtREV+F+I+G4 chosen according to BIC

All model information printed to alpha1_hydra_precursor_align_clean.fa.model.gz
CPU time for ModelFinder: 535.798 seconds (0h:8m:55s)
Wall-clock time for ModelFinder: 256.392 seconds (0h:4m:16s)
Generating 1000 samples for ultrafast bootstrap (seed: 975596)...

NOTE: 17 MB RAM (0 GB) is required!
Measuring multi-threading efficiency up to 36 CPU cores
Increase to 10 rounds for branch lengths
148 trees examined
Threads: 1 / Time: 36.122 sec / Speedup: 1.000 / Efficiency: 100% / LogL: -30213
Threads: 2 / Time: 18.287 sec / Speedup: 1.975 / Efficiency: 99% / LogL: -30213
Threads: 3 / Time: 12.912 sec / Speedup: 2.798 / Efficiency: 93% / LogL: -30213
Threads: 4 / Time: 10.779 sec / Speedup: 3.351 / Efficiency: 84% / LogL: -30213
Threads: 5 / Time: 9.918 sec / Speedup: 3.642 / Efficiency: 73% / LogL: -30213
Threads: 6 / Time: 8.883 sec / Speedup: 4.066 / Efficiency: 68% / LogL: -30213
Threads: 7 / Time: 9.921 sec / Speedup: 3.641 / Efficiency: 52% / LogL: -30213
BEST NUMBER OF THREADS: 6

Estimate model parameters (epsilon = 0.100)
Thoroughly optimizing +I+G parameters from 10 start values...
Init pinv, alpha: 0.000, 1.000 / Estimate: 0.000, 1.094 / LogL: -30052.569
Init pinv, alpha: 0.025, 1.000 / Estimate: 0.097, 1.632 / LogL: -30025.233
Init pinv, alpha: 0.051, 1.000 / Estimate: 0.097, 1.632 / LogL: -30025.231
Init pinv, alpha: 0.076, 1.000 / Estimate: 0.097, 1.630 / LogL: -30025.236
Init pinv, alpha: 0.102, 1.000 / Estimate: 0.104, 1.670 / LogL: -30025.151
Init pinv, alpha: 0.127, 1.000 / Estimate: 0.107, 1.692 / LogL: -30025.201
Init pinv, alpha: 0.152, 1.000 / Estimate: 0.107, 1.694 / LogL: -30025.205
Init pinv, alpha: 0.178, 1.000 / Estimate: 0.106, 1.690 / LogL: -30025.189
Init pinv, alpha: 0.203, 1.000 / Estimate: 0.107, 1.693 / LogL: -30025.201
Init pinv, alpha: 0.229, 1.000 / Estimate: 0.107, 1.696 / LogL: -30025.211
Optimal pinv,alpha: 0.104, 1.670 / LogL: -30025.151

Parameters optimization took 1.666 sec
Computing ML distances based on estimated model parameters... 0.058 sec
Computing BIONJ tree...
0.000 seconds
Log-likelihood of BIONJ tree: -30015.960
--------------------------------------------------------------------
|             INITIALIZING CANDIDATE TREE SET                      |
--------------------------------------------------------------------
Generating 98 parsimony trees... 0.276 second
Computing log-likelihood of 98 initial trees ... 1.412 seconds
Current best score: -30015.960

Do NNI search on 20 best initial trees
Estimate model parameters (epsilon = 0.100)
BETTER TREE FOUND at iteration 1: -30005.814
Iteration 10 / LogL: -30007.523 / Time: 0h:1m:51s
Iteration 20 / LogL: -30006.435 / Time: 0h:1m:53s
Finish initializing candidate tree set (10)
Current best tree score: -30005.814 / CPU time: 4.969
Number of iterations: 20
--------------------------------------------------------------------
|               OPTIMIZING CANDIDATE TREE SET                      |
--------------------------------------------------------------------
Iteration 30 / LogL: -30006.263 / Time: 0h:1m:54s (0h:4m:40s left)
Iteration 40 / LogL: -30006.995 / Time: 0h:1m:56s (0h:3m:1s left)
Iteration 50 / LogL: -30007.275 / Time: 0h:1m:57s (0h:2m:2s left)
Log-likelihood cutoff on original alignment: -30039.987
UPDATE BEST LOG-LIKELIHOOD: -30005.813
Iteration 60 / LogL: -30005.813 / Time: 0h:1m:58s (0h:1m:22s left)
Iteration 70 / LogL: -30006.672 / Time: 0h:1m:59s (0h:0m:53s left)
Iteration 80 / LogL: -30006.520 / Time: 0h:2m:0s (0h:0m:32s left)
Iteration 90 / LogL: -30006.604 / Time: 0h:2m:1s (0h:0m:15s left)
Iteration 100 / LogL: -30006.243 / Time: 0h:2m:3s (0h:0m:1s left)
Log-likelihood cutoff on original alignment: -30031.862
NOTE: Bootstrap correlation coefficient of split occurrence frequencies: 0.998
TREE SEARCH COMPLETED AFTER 102 ITERATIONS / Time: 0h:2m:3s

--------------------------------------------------------------------
|                    FINALIZING TREE SEARCH                        |
--------------------------------------------------------------------
Performs final model parameters optimization
Estimate model parameters (epsilon = 0.010)
1. Initial log-likelihood: -30005.813
Optimal log-likelihood: -30005.811
Proportion of invariable sites: 0.102
Gamma shape alpha: 1.652
Parameters optimization took 1 rounds (0.021 sec)
BEST SCORE FOUND : -30005.811
Creating bootstrap support values...
Split supports printed to NEXUS file alpha1_hydra_precursor_align_clean.fa.splits.nex
Total tree length: 15.302

Total number of iterations: 102
CPU time used for tree search: 87.504 sec (0h:1m:27s)
Wall-clock time used for tree search: 14.747 sec (0h:0m:14s)
Total CPU time used: 420.727 sec (0h:7m:0s)
Total wall-clock time used: 123.396 sec (0h:2m:3s)

Computing bootstrap consensus tree...
Reading input file alpha1_hydra_precursor_align_clean.fa.splits.nex...
13 taxa and 112 splits.
Consensus tree written to alpha1_hydra_precursor_align_clean.fa.contree
Reading input trees file alpha1_hydra_precursor_align_clean.fa.contree
Log-likelihood of consensus tree: -30006.301

Analysis results written to: 
  IQ-TREE report:                alpha1_hydra_precursor_align_clean.fa.iqtree
  Maximum-likelihood tree:       alpha1_hydra_precursor_align_clean.fa.treefile
  Likelihood distances:          alpha1_hydra_precursor_align_clean.fa.mldist

Ultrafast bootstrap approximation results written to:
  Split support values:          alpha1_hydra_precursor_align_clean.fa.splits.nex
  Consensus tree:                alpha1_hydra_precursor_align_clean.fa.contree
  Screen log file:               alpha1_hydra_precursor_align_clean.fa.log

Date and Time: Tue Nov 24 12:08:00 2020
