IQ-TREE multicore version 1.6.12 for Linux 64-bit built Aug 15 2019
Developed by Bui Quang Minh, Nguyen Lam Tung, Olga Chernomor,
Heiko Schmidt, Dominik Schrempf, Michael Woodhams.

Host:    p09r11n29.grace.hpc.yale.internal (AVX512, FMA3, 187 GB RAM)
Command: iqtree -s alpha1_drosophila_align_clean.fa -bb 1000 -nt AUTO
Seed:    952069 (Using SPRNG - Scalable Parallel Random Number Generator)
Time:    Tue Nov 24 11:53:44 2020
Kernel:  AVX+FMA - auto-detect threads (36 CPU cores detected)

Reading alignment file alpha1_drosophila_align_clean.fa ... Fasta format detected
Alignment most likely contains protein sequences
Alignment has 13 sequences with 1779 columns, 1457 distinct patterns
596 parsimony-informative, 755 singleton sites, 428 constant sites
                Gap/Ambiguity  Composition  p-value
   1  Drosophila        0.22%    failed      3.39%
   2  Caenorhabditis    7.31%    failed      0.00%
   3  Hydra            12.09%    failed      0.00%
   4  Bos              64.76%    failed      0.00%
   5  Homo             36.54%    failed      0.00%
   6  Trichoplax       58.52%    failed      0.00%
   7  Nematostella     36.71%    passed     24.49%
   8  Amphimedon       23.27%    failed      0.00%
   9  Salpingoeca      56.21%    failed      0.00%
  10  Monosiga         39.97%    failed      0.00%
  11  Escherichia      61.66%    failed      0.00%
  12  Ephydatia        69.25%    failed      0.00%
  13  Daphnia          73.52%    failed      0.00%
WARNING: 6 sequences contain more than 50% gaps/ambiguity
****  TOTAL            41.54%  12 sequences failed composition chi2 test (p-value<5%; df=19)


Create initial parsimony tree by phylogenetic likelihood library (PLL)... 0.002 seconds
NOTE: ModelFinder requires 35 MB RAM!
ModelFinder will test 546 protein models (sample size: 1779) ...
 No. Model         -LnL         df  AIC          AICc         BIC
Measuring multi-threading efficiency up to 36 CPU cores
Increase to 10 rounds for branch lengths
581 trees examined
Threads: 1 / Time: 36.024 sec / Speedup: 1.000 / Efficiency: 100% / LogL: -29894
Threads: 2 / Time: 19.398 sec / Speedup: 1.857 / Efficiency: 93% / LogL: -29894
Threads: 3 / Time: 14.771 sec / Speedup: 2.439 / Efficiency: 81% / LogL: -29894
Threads: 4 / Time: 11.307 sec / Speedup: 3.186 / Efficiency: 80% / LogL: -29894
Threads: 5 / Time: 10.945 sec / Speedup: 3.291 / Efficiency: 66% / LogL: -29894
Threads: 6 / Time: 10.073 sec / Speedup: 3.576 / Efficiency: 60% / LogL: -29894
Threads: 7 / Time: 9.415 sec / Speedup: 3.826 / Efficiency: 55% / LogL: -29894
Threads: 8 / Time: 8.733 sec / Speedup: 4.125 / Efficiency: 52% / LogL: -29894
Threads: 9 / Time: 13.515 sec / Speedup: 2.666 / Efficiency: 30% / LogL: -29894
BEST NUMBER OF THREADS: 8

  1  Dayhoff       29727.816    23  59501.631    59502.260    59627.759
  2  Dayhoff+I     28670.834    24  57389.668    57390.353    57521.280
  3  Dayhoff+G4    28592.117    24  57232.234    57232.918    57363.845
  4  Dayhoff+I+G4  28499.553    25  57049.106    57049.848    57186.201
  5  Dayhoff+R2    28741.112    25  57532.223    57532.965    57669.318
  6  Dayhoff+R3    28579.212    27  57212.425    57213.288    57360.488
  7  Dayhoff+R4    28529.741    29  57117.482    57118.477    57276.513
  8  Dayhoff+R5    28486.244    31  57034.487    57035.623    57204.485
  9  Dayhoff+R6    28486.115    33  57038.231    57039.517    57219.196
 14  Dayhoff+F     29121.933    42  58327.865    58329.946    58558.185
 15  Dayhoff+F+I   28493.734    43  57073.468    57075.649    57309.272
 16  Dayhoff+F+G4  28324.511    43  56735.022    56737.203    56970.825
 17  Dayhoff+F+I+G4 28274.585    44  56637.171    56639.454    56878.458
 18  Dayhoff+F+R2  28434.247    44  56956.494    56958.777    57197.781
 19  Dayhoff+F+R3  28309.111    46  56710.222    56712.719    56962.477
 20  Dayhoff+F+R4  28293.145    48  56682.290    56685.009    56945.513
 21  Dayhoff+F+R5  28264.712    50  56629.424    56632.376    56903.615
 22  Dayhoff+F+R6  28264.661    52  56633.323    56636.516    56918.481
 27  mtMAM         31320.913    23  62687.826    62688.455    62813.954
 28  mtMAM+I       30763.578    24  61575.156    61575.840    61706.767
 29  mtMAM+G4      30422.783    24  60893.566    60894.250    61025.177
 30  mtMAM+I+G4    30406.824    25  60863.649    60864.391    61000.744
 31  mtMAM+R2      30420.092    25  60890.185    60890.926    61027.280
 32  mtMAM+R3      30365.845    27  60785.691    60786.554    60933.754
 33  mtMAM+R4      30365.640    29  60789.280    60790.275    60948.310
 40  mtMAM+F       28997.140    42  58078.280    58080.361    58308.600
 41  mtMAM+F+I     28577.322    43  57240.644    57242.825    57476.448
 42  mtMAM+F+G4    28312.816    43  56711.631    56713.812    56947.435
 43  mtMAM+F+I+G4  28282.809    44  56653.619    56655.903    56894.906
 44  mtMAM+F+R2    28287.368    44  56662.736    56665.020    56904.024
 45  mtMAM+F+R3    28249.267    46  56590.533    56593.030    56842.788
 46  mtMAM+F+R4    28247.196    48  56590.392    56593.111    56853.614
 53  JTT           29798.522    23  59643.045    59643.674    59769.172
 54  JTT+I         28644.065    24  57336.129    57336.813    57467.741
 55  JTT+G4        28538.216    24  57124.431    57125.115    57256.042
 56  JTT+I+G4      28451.212    25  56952.424    56953.166    57089.519
 57  JTT+R2        28542.420    25  57134.840    57135.582    57271.936
 58  JTT+R3        28450.364    27  56954.729    56955.592    57102.791
 59  JTT+R4        28449.958    29  56957.915    56958.910    57116.946
 66  JTT+F         29308.623    42  58701.246    58703.327    58931.566
 67  JTT+F+I       28585.074    43  57256.147    57258.328    57491.951
 68  JTT+F+G4      28438.231    43  56962.462    56964.643    57198.266
 69  JTT+F+I+G4    28377.629    44  56843.258    56845.542    57084.545
 70  JTT+F+R2      28480.249    44  57048.499    57050.783    57289.786
 71  JTT+F+R3      28379.518    46  56851.036    56853.533    57103.291
 72  JTT+F+R4      28379.512    48  56855.024    56857.743    57118.247
 79  WAG           29054.433    23  58154.865    58155.495    58280.993
 80  WAG+I         28378.273    24  56804.547    56805.231    56936.158
 81  WAG+G4        28366.219    24  56780.439    56781.123    56912.050
 82  WAG+I+G4      28272.587    25  56595.173    56595.915    56732.269
 83  WAG+R2        28315.182    25  56680.363    56681.105    56817.459
 84  WAG+R3        28269.421    27  56592.843    56593.706    56740.906
 85  WAG+R4        28264.931    29  56587.861    56588.856    56746.892
 92  WAG+F         28503.371    42  57090.742    57092.823    57321.062
 93  WAG+F+I       28112.084    43  56310.169    56312.350    56545.972
 94  WAG+F+G4      28058.832    43  56203.664    56205.845    56439.468
 95  WAG+F+I+G4    27993.069    44  56074.137    56076.421    56315.425
 96  WAG+F+R2      28042.112    44  56172.223    56174.507    56413.511
 97  WAG+F+R3      27991.558    46  56075.116    56077.613    56327.371
 98  WAG+F+R4      27984.605    48  56065.209    56067.928    56328.432
105  cpREV         29325.690    23  58697.380    58698.009    58823.508
106  cpREV+I       28758.290    24  57564.580    57565.264    57696.191
107  cpREV+G4      28640.004    24  57328.007    57328.691    57459.619
108  cpREV+I+G4    28577.410    25  57204.820    57205.561    57341.915
109  cpREV+R2      28605.612    25  57261.224    57261.966    57398.319
110  cpREV+R3      28558.898    27  57171.796    57172.660    57319.859
111  cpREV+R4      28558.791    29  57175.582    57176.576    57334.612
118  cpREV+F       28672.061    42  57428.123    57430.203    57658.443
119  cpREV+F+I     28299.966    43  56685.933    56688.114    56921.736
120  cpREV+F+G4    28117.970    43  56321.941    56324.122    56557.745
121  cpREV+F+I+G4  28076.849    44  56241.698    56243.982    56482.986
122  cpREV+F+R2    28132.354    44  56352.709    56354.992    56593.996
123  cpREV+F+R3    28075.063    46  56242.127    56244.623    56494.382
124  cpREV+F+R4    28075.018    48  56246.036    56248.755    56509.259
131  mtREV         30602.568    23  61251.136    61251.765    61377.263
132  mtREV+I       30184.482    24  60416.963    60417.647    60548.575
133  mtREV+G4      29991.370    24  60030.740    60031.424    60162.351
134  mtREV+I+G4    29958.935    25  59967.870    59968.611    60104.965
135  mtREV+R2      29973.538    25  59997.075    59997.817    60134.170
136  mtREV+R3      29936.835    27  59927.670    59928.533    60075.733
137  mtREV+R4      29936.803    29  59931.605    59932.600    60090.636
144  mtREV+F       28395.481    42  56874.962    56877.043    57105.282
145  mtREV+F+I     28124.565    43  56335.130    56337.311    56570.933
146  mtREV+F+G4    27956.072    43  55998.144    56000.325    56233.947
147  mtREV+F+I+G4  27920.865    44  55929.729    55932.013    56171.017
148  mtREV+F+R2    27944.905    44  55977.809    55980.093    56219.097
149  mtREV+F+R3    27899.197    46  55890.393    55892.890    56142.648
150  mtREV+F+R4    27899.165    48  55894.329    55897.048    56157.552
157  rtREV         29025.553    23  58097.106    58097.735    58223.233
158  rtREV+I       28352.682    24  56753.364    56754.049    56884.976
159  rtREV+G4      28199.498    24  56446.996    56447.680    56578.607
160  rtREV+I+G4    28141.154    25  56332.308    56333.050    56469.403
161  rtREV+R2      28181.629    25  56413.258    56413.999    56550.353
162  rtREV+R3      28122.263    27  56298.527    56299.390    56446.589
163  rtREV+R4      28122.233    29  56302.466    56303.461    56461.497
170  rtREV+F       28640.802    42  57365.603    57367.684    57595.923
171  rtREV+F+I     28217.032    43  56520.064    56522.245    56755.867
172  rtREV+F+G4    28096.652    43  56279.304    56281.485    56515.107
173  rtREV+F+I+G4  28044.534    44  56177.068    56179.352    56418.356
174  rtREV+F+R2    28095.750    44  56279.500    56281.784    56520.788
175  rtREV+F+R3    28040.892    46  56173.784    56176.281    56426.039
176  rtREV+F+R4    28040.680    48  56177.360    56180.079    56440.583
183  mtART         32862.013    23  65770.026    65770.655    65896.154
184  mtART+I       31403.551    24  62855.103    62855.787    62986.714
185  mtART+G4      30921.657    24  61891.313    61891.997    62022.925
186  mtART+I+G4    30864.228    25  61778.456    61779.197    61915.551
187  mtART+R2      30918.034    25  61886.067    61886.809    62023.163
188  mtART+R3      30839.491    27  61732.982    61733.846    61881.045
189  mtART+R4      30839.445    29  61736.891    61737.885    61895.921
196  mtART+F       29626.714    42  59337.429    59339.509    59567.749
197  mtART+F+I     28937.814    43  57961.627    57963.808    58197.431
198  mtART+F+G4    28471.199    43  57028.398    57030.579    57264.202
199  mtART+F+I+G4  28442.631    44  56973.261    56975.545    57214.549
200  mtART+F+R2    28513.168    44  57114.335    57116.619    57355.623
201  mtART+F+R3    28443.638    46  56979.276    56981.773    57231.531
202  mtART+F+R4    28443.591    48  56983.181    56985.900    57246.404
209  mtZOA         32405.849    23  64857.697    64858.326    64983.825
210  mtZOA+I       30765.692    24  61579.384    61580.068    61710.996
211  mtZOA+G4      30402.043    24  60852.086    60852.770    60983.697
212  mtZOA+I+G4    30311.711    25  60673.422    60674.164    60810.517
213  mtZOA+R2      30322.442    25  60694.884    60695.625    60831.979
214  mtZOA+R3      30250.925    27  60555.850    60556.714    60703.913
215  mtZOA+R4      30250.567    29  60559.134    60560.129    60718.165
222  mtZOA+F       29655.582    42  59395.163    59397.244    59625.483
223  mtZOA+F+I     28891.246    43  57868.491    57870.672    58104.295
224  mtZOA+F+G4    28476.388    43  57038.777    57040.958    57274.581
225  mtZOA+F+I+G4  28440.394    44  56968.789    56971.073    57210.076
226  mtZOA+F+R2    28524.479    44  57136.958    57139.242    57378.246
227  mtZOA+F+R3    28433.972    46  56959.944    56962.441    57212.199
228  mtZOA+F+R4    28433.471    48  56962.942    56965.661    57226.165
235  VT            29166.447    23  58378.894    58379.523    58505.022
236  VT+I          28335.367    24  56718.734    56719.418    56850.345
237  VT+G4         28346.602    24  56741.205    56741.889    56872.816
238  VT+I+G4       28238.777    25  56527.554    56528.296    56664.649
239  VT+R2         28263.368    25  56576.737    56577.478    56713.832
240  VT+R3         28230.392    27  56514.784    56515.648    56662.847
241  VT+R4         28230.386    29  56518.773    56519.768    56677.803
248  VT+F          28647.146    42  57378.292    57380.373    57608.612
249  VT+F+I        28153.696    43  56393.391    56395.572    56629.195
250  VT+F+G4       28162.111    43  56410.222    56412.403    56646.025
251  VT+F+I+G4     28071.758    44  56231.516    56233.799    56472.803
252  VT+F+R2       28102.464    44  56292.928    56295.212    56534.215
253  VT+F+R3       28071.311    46  56234.622    56237.119    56486.877
254  VT+F+R4       28071.286    48  56238.572    56241.291    56501.795
261  LG            29709.038    23  59464.076    59464.705    59590.203
262  LG+I          28729.289    24  57506.578    57507.262    57638.189
263  LG+G4         28543.814    24  57135.627    57136.311    57267.239
264  LG+I+G4       28476.310    25  57002.621    57003.362    57139.716
265  LG+R2         28544.749    25  57139.498    57140.240    57276.593
266  LG+R3         28466.654    27  56987.309    56988.172    57135.372
267  LG+R4         28465.818    29  56989.635    56990.630    57148.666
274  LG+F          28974.681    42  58033.361    58035.442    58263.681
275  LG+F+I        28429.067    43  56944.133    56946.314    57179.937
276  LG+F+G4       28243.612    43  56573.224    56575.405    56809.028
277  LG+F+I+G4     28197.036    44  56482.072    56484.356    56723.359
278  LG+F+R2       28284.006    44  56656.011    56658.295    56897.299
279  LG+F+R3       28202.405    46  56496.810    56499.306    56749.065
280  LG+F+R4       28201.470    48  56498.941    56501.660    56762.163
287  DCMut         29724.381    23  59494.762    59495.391    59620.890
288  DCMut+I       28668.087    24  57384.174    57384.859    57515.786
289  DCMut+G4      28590.634    24  57229.268    57229.952    57360.880
290  DCMut+I+G4    28497.695    25  57045.389    57046.131    57182.485
291  DCMut+R2      28561.287    25  57172.574    57173.316    57309.669
292  DCMut+R3      28492.545    27  57039.091    57039.954    57187.153
293  DCMut+R4      28492.018    29  57042.036    57043.031    57201.066
300  DCMut+F       29122.160    42  58328.319    58330.400    58558.639
301  DCMut+F+I     28493.210    43  57072.420    57074.601    57308.223
302  DCMut+F+G4    28325.096    43  56736.191    56738.372    56971.995
303  DCMut+F+I+G4  28274.932    44  56637.864    56640.148    56879.152
304  DCMut+F+R2    28357.830    44  56803.660    56805.944    57044.947
305  DCMut+F+R3    28274.546    46  56641.092    56643.589    56893.347
306  DCMut+F+R4    28274.323    48  56644.646    56647.366    56907.869
313  PMB           29103.327    23  58252.654    58253.283    58378.781
314  PMB+I         28442.054    24  56932.107    56932.792    57063.719
315  PMB+G4        28529.027    24  57106.054    57106.738    57237.665
316  PMB+I+G4      28394.445    25  56838.889    56839.631    56975.984
317  PMB+R2        28401.558    25  56853.117    56853.858    56990.212
318  PMB+R3        28383.266    27  56820.533    56821.396    56968.596
319  PMB+R4        28381.625    29  56821.249    56822.244    56980.280
326  PMB+F         28431.732    42  56947.465    56949.545    57177.784
327  PMB+F+I       27996.816    43  56079.632    56081.813    56315.436
328  PMB+F+G4      28068.984    43  56223.969    56226.150    56459.772
329  PMB+F+I+G4    27955.206    44  55998.412    56000.696    56239.700
330  PMB+F+R2      27966.937    44  56021.874    56024.158    56263.162
331  PMB+F+R3      27949.082    46  55990.164    55992.660    56242.419
332  PMB+F+R4      27947.799    48  55991.597    55994.316    56254.820
339  HIVb          30572.766    23  61191.532    61192.161    61317.660
340  HIVb+I        29103.033    24  58254.067    58254.751    58385.678
341  HIVb+G4       28931.423    24  57910.846    57911.530    58042.457
342  HIVb+I+G4     28829.341    25  57708.682    57709.424    57845.778
343  HIVb+R2       28931.384    25  57912.769    57913.510    58049.864
344  HIVb+R3       28830.860    27  57715.721    57716.584    57863.783
345  HIVb+R4       28829.448    29  57716.897    57717.892    57875.927
352  HIVb+F        29816.821    42  59717.642    59719.722    59947.961
353  HIVb+F+I      28901.253    43  57888.507    57890.688    58124.310
354  HIVb+F+G4     28634.754    43  57355.509    57357.690    57591.313
355  HIVb+F+I+G4   28570.705    44  57229.409    57231.693    57470.697
356  HIVb+F+R2     28740.285    44  57568.569    57570.853    57809.857
357  HIVb+F+R3     28586.354    46  57264.708    57267.204    57516.963
358  HIVb+F+R4     28585.268    48  57266.536    57269.255    57529.759
365  HIVw          31768.150    23  63582.300    63582.929    63708.427
366  HIVw+I        29910.626    24  59869.252    59869.937    60000.864
367  HIVw+G4       29590.700    24  59229.401    59230.085    59361.012
368  HIVw+I+G4     29507.511    25  59065.021    59065.763    59202.117
369  HIVw+R2       29696.469    25  59442.938    59443.679    59580.033
370  HIVw+R3       29535.831    27  59125.662    59126.525    59273.724
371  HIVw+R4       29535.436    29  59128.873    59129.867    59287.903
378  HIVw+F        30663.337    42  61410.675    61412.755    61640.994
379  HIVw+F+I      29387.344    43  58860.687    58862.868    59096.491
380  HIVw+F+G4     28994.933    43  58075.866    58078.047    58311.670
381  HIVw+F+I+G4   28933.047    44  57954.094    57956.378    58195.382
382  HIVw+F+R2     29197.225    44  58482.451    58484.735    58723.738
383  HIVw+F+R3     28981.337    46  58054.673    58057.170    58306.929
384  HIVw+F+R4     28981.004    48  58058.008    58060.727    58321.231
391  JTTDCMut      29717.709    23  59481.419    59482.048    59607.546
392  JTTDCMut+I    28618.339    24  57284.678    57285.362    57416.289
393  JTTDCMut+G4   28525.596    24  57099.193    57099.877    57230.804
394  JTTDCMut+I+G4 28437.433    25  56924.867    56925.608    57061.962
395  JTTDCMut+R2   28490.031    25  57030.062    57030.803    57167.157
396  JTTDCMut+R3   28435.113    27  56924.226    56925.090    57072.289
397  JTTDCMut+R4   28435.060    29  56928.121    56929.116    57087.151
404  JTTDCMut+F    29226.988    42  58537.976    58540.057    58768.296
405  JTTDCMut+F+I  28540.232    43  57166.463    57168.644    57402.267
406  JTTDCMut+F+G4 28406.000    43  56898.000    56900.181    57133.804
407  JTTDCMut+F+I+G4 28343.695    44  56775.389    56777.673    57016.677
408  JTTDCMut+F+R2 28423.868    44  56935.736    56938.020    57177.024
409  JTTDCMut+F+R3 28345.042    46  56782.084    56784.580    57034.339
410  JTTDCMut+F+R4 28344.191    48  56784.381    56787.101    57047.604
417  FLU           30291.737    23  60629.473    60630.102    60755.601
418  FLU+I         29073.543    24  58195.086    58195.771    58326.698
419  FLU+G4        28901.182    24  57850.364    57851.048    57981.976
420  FLU+I+G4      28823.370    25  57696.740    57697.481    57833.835
421  FLU+R2        28906.319    25  57862.637    57863.379    57999.732
422  FLU+R3        28817.345    27  57688.689    57689.553    57836.752
423  FLU+R4        28811.454    29  57680.908    57681.903    57839.939
430  FLU+F         29581.289    42  59246.579    59248.660    59476.899
431  FLU+F+I       28776.359    43  57638.718    57640.899    57874.522
432  FLU+F+G4      28512.278    43  57110.557    57112.738    57346.360
433  FLU+F+I+G4    28455.849    44  56999.698    57001.982    57240.985
434  FLU+F+R2      28611.862    44  57311.725    57314.008    57553.012
435  FLU+F+R3      28466.460    46  57024.920    57027.416    57277.175
436  FLU+F+R4      28457.548    48  57011.095    57013.814    57274.318
437  FLU+F+R5      28457.530    50  57015.059    57018.011    57289.250
443  Blosum62      29183.448    23  58412.897    58413.526    58539.024
444  Blosum62+I    28478.530    24  57005.060    57005.744    57136.671
445  Blosum62+G4   28524.033    24  57096.065    57096.749    57227.676
446  Blosum62+I+G4 28404.327    25  56858.654    56859.396    56995.749
447  Blosum62+R2   28419.142    25  56888.284    56889.026    57025.379
448  Blosum62+R3   28390.035    27  56834.070    56834.934    56982.133
449  Blosum62+R4   28389.972    29  56837.944    56838.939    56996.974
456  Blosum62+F    28510.520    42  57105.040    57107.121    57335.360
457  Blosum62+F+I  28062.426    43  56210.852    56213.033    56446.656
458  Blosum62+F+G4 28099.397    43  56284.795    56286.976    56520.598
459  Blosum62+F+I+G4 27999.307    44  56086.613    56088.897    56327.901
460  Blosum62+F+R2 28018.499    44  56124.998    56127.281    56366.285
461  Blosum62+F+R3 27991.551    46  56075.103    56077.599    56327.358
462  Blosum62+F+R4 27991.540    48  56079.080    56081.799    56342.303
469  mtMet         32473.964    23  64993.928    64994.557    65120.055
470  mtMet+I       31092.804    24  62233.608    62234.292    62365.220
471  mtMet+G4      30925.313    24  61898.626    61899.310    62030.237
472  mtMet+I+G4    30808.661    25  61667.321    61668.063    61804.417
473  mtMet+R2      30764.459    25  61578.918    61579.660    61716.013
474  mtMet+R3      30729.861    27  61513.722    61514.586    61661.785
475  mtMet+R4      30710.891    29  61479.782    61480.776    61638.812
476  mtMet+R5      30708.090    31  61478.179    61479.315    61648.177
482  mtMet+F       29726.154    42  59536.308    59538.389    59766.628
483  mtMet+F+I     28862.904    43  57811.807    57813.988    58047.611
484  mtMet+F+G4    28559.157    43  57204.314    57206.495    57440.117
485  mtMet+F+I+G4  28509.138    44  57106.276    57108.560    57347.563
486  mtMet+F+R2    28588.850    44  57265.700    57267.984    57506.988
487  mtMet+F+R3    28507.965    46  57107.929    57110.426    57360.185
488  mtMet+F+R4    28505.187    48  57106.375    57109.094    57369.597
495  mtVer         31957.699    23  63961.398    63962.027    64087.526
496  mtVer+I       30803.504    24  61655.008    61655.692    61786.619
497  mtVer+G4      30599.597    24  61247.194    61247.878    61378.805
498  mtVer+I+G4    30521.278    25  61092.556    61093.298    61229.652
499  mtVer+R2      30480.288    25  61010.576    61011.318    61147.671
500  mtVer+R3      30437.666    27  60929.332    60930.195    61077.394
501  mtVer+R4      30436.433    29  60930.867    60931.862    61089.897
508  mtVer+F       29995.175    42  60074.350    60076.431    60304.670
509  mtVer+F+I     29045.739    43  58177.478    58179.659    58413.282
510  mtVer+F+G4    28680.421    43  57446.842    57449.023    57682.646
511  mtVer+F+I+G4  28639.222    44  57366.443    57368.727    57607.731
512  mtVer+F+R2    28738.782    44  57565.564    57567.847    57806.851
513  mtVer+F+R3    28644.823    46  57381.645    57384.142    57633.900
514  mtVer+F+R4    28643.652    48  57383.304    57386.023    57646.527
521  mtInv         33009.439    23  66064.879    66065.508    66191.006
522  mtInv+I       31583.301    24  63214.601    63215.286    63346.213
523  mtInv+G4      31460.203    24  62968.407    62969.091    63100.018
524  mtInv+I+G4    31320.436    25  62690.873    62691.614    62827.968
525  mtInv+R2      31292.735    25  62635.471    62636.213    62772.566
526  mtInv+R3      31229.154    27  62512.309    62513.172    62660.371
527  mtInv+R4      31227.129    29  62512.258    62513.253    62671.289
534  mtInv+F       29543.612    42  59171.225    59173.305    59401.545
535  mtInv+F+I     28732.370    43  57550.739    57552.920    57786.543
536  mtInv+F+G4    28487.600    43  57061.200    57063.381    57297.003
537  mtInv+F+I+G4  28429.509    44  56947.018    56949.302    57188.305
538  mtInv+F+R2    28499.030    44  57086.061    57088.344    57327.348
539  mtInv+F+R3    28425.807    46  56943.613    56946.110    57195.868
540  mtInv+F+R4    28425.472    48  56946.944    56949.663    57210.166
Akaike Information Criterion:           mtREV+F+R3
Corrected Akaike Information Criterion: mtREV+F+R3
Bayesian Information Criterion:         mtREV+F+R3
Best-fit model: mtREV+F+R3 chosen according to BIC

All model information printed to alpha1_drosophila_align_clean.fa.model.gz
CPU time for ModelFinder: 910.107 seconds (0h:15m:10s)
Wall-clock time for ModelFinder: 185.745 seconds (0h:3m:5s)
Generating 1000 samples for ultrafast bootstrap (seed: 952069)...

NOTE: 14 MB RAM (0 GB) is required!
Measuring multi-threading efficiency up to 36 CPU cores
Increase to 10 rounds for branch lengths
202 trees examined
Threads: 1 / Time: 36.178 sec / Speedup: 1.000 / Efficiency: 100% / LogL: -28084
Threads: 2 / Time: 18.805 sec / Speedup: 1.924 / Efficiency: 96% / LogL: -28084
Threads: 3 / Time: 12.669 sec / Speedup: 2.856 / Efficiency: 95% / LogL: -28084
Threads: 4 / Time: 9.835 sec / Speedup: 3.678 / Efficiency: 92% / LogL: -28084
Threads: 5 / Time: 8.227 sec / Speedup: 4.398 / Efficiency: 88% / LogL: -28084
Threads: 6 / Time: 7.232 sec / Speedup: 5.003 / Efficiency: 83% / LogL: -28084
Threads: 7 / Time: 6.558 sec / Speedup: 5.517 / Efficiency: 79% / LogL: -28084
Threads: 8 / Time: 6.120 sec / Speedup: 5.912 / Efficiency: 74% / LogL: -28084
Threads: 9 / Time: 10.251 sec / Speedup: 3.529 / Efficiency: 39% / LogL: -28084
BEST NUMBER OF THREADS: 8

Estimate model parameters (epsilon = 0.100)
1. Initial log-likelihood: -27963.804
2. Current log-likelihood: -27935.631
3. Current log-likelihood: -27931.565
4. Current log-likelihood: -27929.246
5. Current log-likelihood: -27927.279
6. Current log-likelihood: -27925.522
7. Current log-likelihood: -27923.964
8. Current log-likelihood: -27922.543
9. Current log-likelihood: -27921.269
10. Current log-likelihood: -27920.391
11. Current log-likelihood: -27919.961
12. Current log-likelihood: -27919.724
13. Current log-likelihood: -27919.545
14. Current log-likelihood: -27919.401
15. Current log-likelihood: -27919.290
Optimal log-likelihood: -27919.185
Site proportion and rates:  (0.248,0.140) (0.237,0.649) (0.515,1.575)
Parameters optimization took 15 rounds (0.526 sec)
Computing ML distances based on estimated model parameters... 0.041 sec
Computing BIONJ tree...
0.000 seconds
Log-likelihood of BIONJ tree: -27909.567
--------------------------------------------------------------------
|             INITIALIZING CANDIDATE TREE SET                      |
--------------------------------------------------------------------
Generating 98 parsimony trees... 0.260 second
Computing log-likelihood of 98 initial trees ... 0.726 seconds
Current best score: -27909.567

Do NNI search on 20 best initial trees
Estimate model parameters (epsilon = 0.100)
BETTER TREE FOUND at iteration 1: -27875.736
Iteration 10 / LogL: -27878.132 / Time: 0h:1m:58s
Iteration 20 / LogL: -27878.302 / Time: 0h:1m:59s
Finish initializing candidate tree set (9)
Current best tree score: -27875.736 / CPU time: 3.377
Number of iterations: 20
--------------------------------------------------------------------
|               OPTIMIZING CANDIDATE TREE SET                      |
--------------------------------------------------------------------
Iteration 30 / LogL: -27876.061 / Time: 0h:2m:0s (0h:4m:54s left)
Iteration 40 / LogL: -27877.340 / Time: 0h:2m:1s (0h:3m:9s left)
Iteration 50 / LogL: -27876.002 / Time: 0h:2m:2s (0h:2m:7s left)
Log-likelihood cutoff on original alignment: -27901.522
Iteration 60 / LogL: -27876.034 / Time: 0h:2m:2s (0h:1m:25s left)
Iteration 70 / LogL: -27875.804 / Time: 0h:2m:3s (0h:0m:55s left)
Iteration 80 / LogL: -27877.090 / Time: 0h:2m:4s (0h:0m:33s left)
Iteration 90 / LogL: -27878.274 / Time: 0h:2m:4s (0h:0m:15s left)
UPDATE BEST LOG-LIKELIHOOD: -27875.732
Iteration 100 / LogL: -27875.761 / Time: 0h:2m:5s (0h:0m:1s left)
Log-likelihood cutoff on original alignment: -27901.522
NOTE: Bootstrap correlation coefficient of split occurrence frequencies: 0.998
TREE SEARCH COMPLETED AFTER 102 ITERATIONS / Time: 0h:2m:5s

--------------------------------------------------------------------
|                    FINALIZING TREE SEARCH                        |
--------------------------------------------------------------------
Performs final model parameters optimization
Estimate model parameters (epsilon = 0.010)
1. Initial log-likelihood: -27875.732
2. Current log-likelihood: -27875.693
3. Current log-likelihood: -27875.668
4. Current log-likelihood: -27875.651
5. Current log-likelihood: -27875.640
Optimal log-likelihood: -27875.631
Site proportion and rates:  (0.169,0.029) (0.267,0.456) (0.564,1.549)
Parameters optimization took 5 rounds (0.139 sec)
BEST SCORE FOUND : -27875.631
Creating bootstrap support values...
Split supports printed to NEXUS file alpha1_drosophila_align_clean.fa.splits.nex
Total tree length: 14.249

Total number of iterations: 102
CPU time used for tree search: 73.228 sec (0h:1m:13s)
Wall-clock time used for tree search: 9.271 sec (0h:0m:9s)
Total CPU time used: 475.166 sec (0h:7m:55s)
Total wall-clock time used: 125.906 sec (0h:2m:5s)

Computing bootstrap consensus tree...
Reading input file alpha1_drosophila_align_clean.fa.splits.nex...
13 taxa and 169 splits.
Consensus tree written to alpha1_drosophila_align_clean.fa.contree
Reading input trees file alpha1_drosophila_align_clean.fa.contree
Log-likelihood of consensus tree: -27875.630

Analysis results written to: 
  IQ-TREE report:                alpha1_drosophila_align_clean.fa.iqtree
  Maximum-likelihood tree:       alpha1_drosophila_align_clean.fa.treefile
  Likelihood distances:          alpha1_drosophila_align_clean.fa.mldist

Ultrafast bootstrap approximation results written to:
  Split support values:          alpha1_drosophila_align_clean.fa.splits.nex
  Consensus tree:                alpha1_drosophila_align_clean.fa.contree
  Screen log file:               alpha1_drosophila_align_clean.fa.log

Date and Time: Tue Nov 24 11:58:56 2020
