IQ-TREE multicore version 1.6.12 for Linux 64-bit built Aug 15 2019
Developed by Bui Quang Minh, Nguyen Lam Tung, Olga Chernomor,
Heiko Schmidt, Dominik Schrempf, Michael Woodhams.

Host:    p09r13n15.grace.hpc.yale.internal (AVX512, FMA3, 187 GB RAM)
Command: iqtree -s alpha5_obricella_align_clean.fa -bb 1000 -nt AUTO
Seed:    679035 (Using SPRNG - Scalable Parallel Random Number Generator)
Time:    Wed Nov 25 12:11:14 2020
Kernel:  AVX+FMA - auto-detect threads (36 CPU cores detected)

Reading alignment file alpha5_obricella_align_clean.fa ... Fasta format detected
Alignment most likely contains protein sequences
Alignment has 16 sequences with 263 columns, 247 distinct patterns
76 parsimony-informative, 151 singleton sites, 36 constant sites
                          Gap/Ambiguity  Composition  p-value
   1  Nematostella_vectensis      0.00%    failed      0.04%
   2  Hydra_vulgaris              3.80%    failed      0.00%
   3  Kudoa_iwatai               13.31%    failed      0.54%
   4  Salpingoeca_rosetta        63.12%    failed      0.08%
   5  Homo_sapiens               69.96%    passed     44.83%
   6  Escherichia_coli           55.89%    failed      0.06%
   7  Bos_taurus                 60.46%    passed     21.96%
   8  Daphnia_magna              72.62%    passed     11.07%
   9  Monosiga_brevicollis       24.71%    failed      0.01%
  10  Caenorhabditis_elegans     65.40%    failed      0.77%
  11  Amphimedon_queenslandica   65.40%    failed      3.57%
  12  Drosophila_melanogaster    57.41%    passed     20.05%
  13  Ephydatia_muelleri         37.64%    passed     19.04%
  14  Staphylococcus_aureus      58.56%    failed      0.01%
  15  Capsaspora_owczarzaki      79.85%    failed      0.00%
  16  Trichoplax_adhaerens       46.39%    passed      5.04%
WARNING: 10 sequences contain more than 50% gaps/ambiguity
****  TOTAL                      48.41%  10 sequences failed composition chi2 test (p-value<5%; df=19)


Create initial parsimony tree by phylogenetic likelihood library (PLL)... 0.001 seconds
NOTE: ModelFinder requires 7 MB RAM!
ModelFinder will test 546 protein models (sample size: 263) ...
 No. Model         -LnL         df  AIC          AICc         BIC
Measuring multi-threading efficiency up to 36 CPU cores
Increase to 10 rounds for branch lengths
3060 trees examined
Threads: 1 / Time: 36.007 sec / Speedup: 1.000 / Efficiency: 100% / LogL: -4606
Threads: 2 / Time: 25.034 sec / Speedup: 1.438 / Efficiency: 72% / LogL: -4606
Threads: 3 / Time: 20.791 sec / Speedup: 1.732 / Efficiency: 58% / LogL: -4606
Threads: 4 / Time: 18.561 sec / Speedup: 1.940 / Efficiency: 48% / LogL: -4606
BEST NUMBER OF THREADS: 3

  1  Dayhoff       4518.847     29  9095.694     9103.161     9199.286
  2  Dayhoff+I     4463.730     30  8987.459     8995.477     9094.624
  3  Dayhoff+G4    4360.622     30  8781.245     8789.262     8888.410
  4  Dayhoff+I+G4  4360.679     31  8783.358     8791.947     8894.095
  5  Dayhoff+R2    4387.820     31  8837.640     8846.228     8948.376
  6  Dayhoff+R3    4366.715     33  8799.431     8809.230     8917.312
  7  Dayhoff+R4    4356.711     35  8783.421     8794.522     8908.446
  8  Dayhoff+R5    4351.556     37  8777.111     8789.609     8909.281
 14  Dayhoff+F     4483.723     48  9063.446     9085.427     9234.909
 15  Dayhoff+F+I   4442.750     49  8983.501     9006.505     9158.536
 16  Dayhoff+F+G4  4355.249     49  8808.498     8831.502     8983.533
 17  Dayhoff+F+I+G4 4355.491     50  8810.982     8835.039     8989.590
 18  Dayhoff+F+R2  4382.838     50  8865.676     8889.733     9044.284
 19  Dayhoff+F+R3  4362.045     52  8828.090     8854.338     9013.842
 20  Dayhoff+F+R4  4352.494     54  8812.987     8841.545     9005.884
 21  Dayhoff+F+R5  4347.800     56  8807.599     8838.590     9007.640
 27  mtMAM         4764.574     29  9587.148     9594.616     9690.740
 28  mtMAM+I       4724.591     30  9509.181     9517.198     9616.346
 29  mtMAM+G4      4652.971     30  9365.941     9373.958     9473.106
 30  mtMAM+I+G4    4652.840     31  9367.680     9376.269     9478.417
 31  mtMAM+R2      4679.555     31  9421.110     9429.699     9531.847
 32  mtMAM+R3      4653.070     33  9372.141     9381.940     9490.022
 33  mtMAM+R4      4648.833     35  9367.666     9378.768     9492.692
 40  mtMAM+F       4468.172     48  9032.344     9054.325     9203.807
 41  mtMAM+F+I     4431.160     49  8960.320     8983.325     9135.356
 42  mtMAM+F+G4    4356.429     49  8810.858     8833.863     8985.894
 43  mtMAM+F+I+G4  4356.628     50  8813.256     8837.313     8991.864
 44  mtMAM+F+R2    4377.527     50  8855.053     8879.110     9033.661
 45  mtMAM+F+R3    4360.315     52  8824.630     8850.877     9010.382
 46  mtMAM+F+R4    4355.180     54  8818.360     8846.918     9011.257
 53  JTT           4525.670     29  9109.340     9116.808     9212.933
 54  JTT+I         4466.285     30  8992.571     9000.588     9099.735
 55  JTT+G4        4351.389     30  8762.778     8770.795     8869.943
 56  JTT+I+G4      4351.318     31  8764.636     8773.225     8875.373
 57  JTT+R2        4381.072     31  8824.143     8832.732     8934.880
 58  JTT+R3        4357.167     33  8780.335     8790.134     8898.216
 59  JTT+R4        4346.850     35  8763.699     8774.800     8888.724
 60  JTT+R5        4341.177     37  8756.353     8768.851     8888.523
 61  JTT+R6        4337.846     39  8753.691     8767.682     8893.005
 66  JTT+F         4481.105     48  9058.211     9080.192     9229.674
 67  JTT+F+I       4437.228     49  8972.457     8995.462     9147.493
 68  JTT+F+G4      4349.027     49  8796.054     8819.058     8971.089
 69  JTT+F+I+G4    4349.064     50  8798.129     8822.186     8976.737
 70  JTT+F+R2      4372.782     50  8845.564     8869.621     9024.172
 71  JTT+F+R3      4353.339     52  8810.678     8836.926     8996.430
 72  JTT+F+R4      4344.938     54  8797.875     8826.433     8990.772
 73  JTT+F+R5      4340.976     56  8793.951     8824.942     8993.992
 79  WAG           4424.926     29  8907.853     8915.320     9011.445
 80  WAG+I         4387.036     30  8834.071     8842.089     8941.236
 81  WAG+G4        4317.816     30  8695.632     8703.649     8802.796
 82  WAG+I+G4      4317.926     31  8697.852     8706.440     8808.588
 83  WAG+R2        4331.166     31  8724.333     8732.921     8835.069
 84  WAG+R3        4316.889     33  8699.777     8709.576     8817.658
 85  WAG+R4        4311.243     35  8692.486     8703.587     8817.511
 86  WAG+R5        4308.325     37  8690.650     8703.148     8822.820
 92  WAG+F         4391.653     48  8879.306     8901.288     9050.770
 93  WAG+F+I       4365.220     49  8828.440     8851.445     9003.476
 94  WAG+F+G4      4313.620     49  8725.240     8748.245     8900.276
 95  WAG+F+I+G4    4313.787     50  8727.573     8751.630     8906.181
 96  WAG+F+R2      4324.004     50  8748.007     8772.064     8926.615
 97  WAG+F+R3      4311.709     52  8727.418     8753.666     8913.170
 98  WAG+F+R4      4307.425     54  8722.851     8751.409     8915.747
105  cpREV         4490.831     29  9039.661     9047.129     9143.254
106  cpREV+I       4454.867     30  8969.733     8977.750     9076.898
107  cpREV+G4      4379.572     30  8819.145     8827.162     8926.309
108  cpREV+I+G4    4379.668     31  8821.336     8829.925     8932.073
109  cpREV+R2      4391.046     31  8844.093     8852.682     8954.830
110  cpREV+R3      4378.884     33  8823.767     8833.567     8941.648
111  cpREV+R4      4373.968     35  8817.936     8829.038     8942.962
118  cpREV+F       4432.740     48  8961.480     8983.461     9132.943
119  cpREV+F+I     4404.553     49  8907.107     8930.111     9082.142
120  cpREV+F+G4    4331.744     49  8761.488     8784.492     8936.523
121  cpREV+F+I+G4  4331.881     50  8763.762     8787.819     8942.370
122  cpREV+F+R2    4345.746     50  8791.492     8815.548     8970.099
123  cpREV+F+R3    4333.230     52  8770.460     8796.708     8956.212
124  cpREV+F+R4    4329.520     54  8767.041     8795.598     8959.937
131  mtREV         4641.916     29  9341.833     9349.300     9445.425
132  mtREV+I       4614.654     30  9289.309     9297.326     9396.473
133  mtREV+G4      4558.838     30  9177.676     9185.693     9284.840
134  mtREV+I+G4    4558.899     31  9179.798     9188.387     9290.535
135  mtREV+R2      4576.153     31  9214.305     9222.894     9325.042
136  mtREV+R3      4555.500     33  9177.000     9186.799     9294.881
137  mtREV+R4      4554.328     35  9178.656     9189.758     9303.682
144  mtREV+F       4378.136     48  8852.271     8874.253     9023.735
145  mtREV+F+I     4358.062     49  8814.124     8837.129     8989.160
146  mtREV+F+G4    4304.053     49  8706.105     8729.110     8881.141
147  mtREV+F+I+G4  4304.149     50  8708.299     8732.356     8886.907
148  mtREV+F+R2    4315.392     50  8730.784     8754.841     8909.392
149  mtREV+F+R3    4301.009     52  8706.017     8732.265     8891.769
150  mtREV+F+R4    4299.425     54  8706.851     8735.408     8899.747
157  rtREV         4419.263     29  8896.526     8903.994     9000.119
158  rtREV+I       4379.340     30  8818.680     8826.697     8925.845
159  rtREV+G4      4300.619     30  8661.239     8669.256     8768.404
160  rtREV+I+G4    4300.637     31  8663.275     8671.863     8774.012
161  rtREV+R2      4313.134     31  8688.267     8696.856     8799.004
162  rtREV+R3      4300.970     33  8667.941     8677.740     8785.822
163  rtREV+R4      4296.898     35  8663.795     8674.897     8788.821
170  rtREV+F       4410.329     48  8916.658     8938.639     9088.121
171  rtREV+F+I     4381.628     49  8861.256     8884.261     9036.292
172  rtREV+F+G4    4322.487     49  8742.974     8765.979     8918.009
173  rtREV+F+I+G4  4322.534     50  8745.068     8769.125     8923.676
174  rtREV+F+R2    4334.196     50  8768.392     8792.449     8947.000
175  rtREV+F+R3    4322.308     52  8748.616     8774.864     8934.368
176  rtREV+F+R4    4318.719     54  8745.438     8773.996     8938.335
183  mtART         4963.058     29  9984.115     9991.583     10087.708
184  mtART+I       4873.739     30  9807.478     9815.496     9914.643
185  mtART+G4      4722.790     30  9505.581     9513.598     9612.746
186  mtART+I+G4    4722.593     31  9507.185     9515.774     9617.922
187  mtART+R2      4755.977     31  9573.953     9582.542     9684.690
188  mtART+R3      4728.673     33  9523.347     9533.146     9641.228
189  mtART+R4      4722.120     35  9514.240     9525.342     9639.266
190  mtART+R5      4716.837     37  9507.674     9520.172     9639.844
196  mtART+F       4556.089     48  9208.178     9230.159     9379.641
197  mtART+F+I     4501.253     49  9100.507     9123.512     9275.543
198  mtART+F+G4    4383.533     49  8865.067     8888.071     9040.102
199  mtART+F+I+G4  4383.566     50  8867.133     8891.189     9045.741
200  mtART+F+R2    4415.402     50  8930.803     8954.860     9109.411
201  mtART+F+R3    4397.675     52  8899.351     8925.598     9085.103
202  mtART+F+R4    4391.481     54  8890.962     8919.519     9083.858
203  mtART+F+R5    4384.572     56  8881.143     8912.134     9081.184
204  mtART+F+R6    4381.994     58  8879.988     8913.537     9087.173
209  mtZOA         4891.104     29  9840.208     9847.676     9943.800
210  mtZOA+I       4799.214     30  9658.428     9666.445     9765.592
211  mtZOA+G4      4638.756     30  9337.513     9345.530     9444.678
212  mtZOA+I+G4    4638.515     31  9339.030     9347.619     9449.767
213  mtZOA+R2      4663.243     31  9388.485     9397.074     9499.222
214  mtZOA+R3      4641.001     33  9348.002     9357.801     9465.883
215  mtZOA+R4      4633.991     35  9337.981     9349.082     9463.007
216  mtZOA+R5      4629.018     37  9332.037     9344.534     9464.206
222  mtZOA+F       4546.530     48  9189.060     9211.041     9360.523
223  mtZOA+F+I     4491.671     49  9081.341     9104.346     9256.377
224  mtZOA+F+G4    4369.708     49  8837.416     8860.421     9012.451
225  mtZOA+F+I+G4  4369.777     50  8839.555     8863.611     9018.163
226  mtZOA+F+R2    4399.339     50  8898.679     8922.735     9077.287
227  mtZOA+F+R3    4386.312     52  8876.625     8902.873     9062.377
228  mtZOA+F+R4    4379.326     54  8866.653     8895.210     9059.549
229  mtZOA+F+R5    4373.495     56  8858.989     8889.980     9059.030
230  mtZOA+F+R6    4367.273     58  8850.545     8884.094     9057.730
231  mtZOA+F+R7    4365.946     60  8851.891     8888.129     9066.220
235  VT            4434.191     29  8926.383     8933.851     9029.975
236  VT+I          4389.833     30  8839.666     8847.683     8946.831
237  VT+G4         4311.458     30  8682.915     8690.933     8790.080
238  VT+I+G4       4311.481     31  8684.962     8693.551     8795.699
239  VT+R2         4323.158     31  8708.316     8716.905     8819.053
240  VT+R3         4308.507     33  8683.015     8692.814     8800.896
241  VT+R4         4305.871     35  8681.742     8692.844     8806.768
248  VT+F          4411.407     48  8918.814     8940.796     9090.278
249  VT+F+I        4379.345     49  8856.690     8879.695     9031.726
250  VT+F+G4       4324.460     49  8746.921     8769.926     8921.957
251  VT+F+I+G4     4324.514     50  8749.028     8773.085     8927.636
252  VT+F+R2       4332.479     50  8764.958     8789.014     8943.565
253  VT+F+R3       4320.862     52  8745.725     8771.972     8931.477
254  VT+F+R4       4318.765     54  8745.530     8774.088     8938.426
261  LG            4502.105     29  9062.210     9069.678     9165.802
262  LG+I          4448.212     30  8956.425     8964.442     9063.589
263  LG+G4         4339.842     30  8739.684     8747.702     8846.849
264  LG+I+G4       4339.882     31  8741.764     8750.352     8852.500
265  LG+R2         4354.651     31  8771.301     8779.890     8882.038
266  LG+R3         4342.206     33  8750.412     8760.211     8868.293
267  LG+R4         4338.720     35  8747.439     8758.540     8872.464
274  LG+F          4453.033     48  9002.065     9024.047     9173.529
275  LG+F+I        4415.851     49  8929.702     8952.706     9104.737
276  LG+F+G4       4338.255     49  8774.510     8797.515     8949.545
277  LG+F+I+G4     4338.315     50  8776.629     8800.686     8955.237
278  LG+F+R2       4353.358     50  8806.716     8830.772     8985.324
279  LG+F+R3       4340.308     52  8784.617     8810.865     8970.369
280  LG+F+R4       4337.294     54  8782.589     8811.147     8975.485
287  DCMut         4518.091     29  9094.182     9101.650     9197.775
288  DCMut+I       4463.057     30  8986.115     8994.132     9093.279
289  DCMut+G4      4360.064     30  8780.127     8788.145     8887.292
290  DCMut+I+G4    4360.033     31  8782.066     8790.655     8892.803
291  DCMut+R2      4377.606     31  8817.212     8825.801     8927.949
292  DCMut+R3      4363.211     33  8792.422     8802.221     8910.303
293  DCMut+R4      4359.103     35  8788.207     8799.308     8913.232
300  DCMut+F       4483.658     48  9063.315     9085.296     9234.779
301  DCMut+F+I     4442.697     49  8983.395     9006.400     9158.430
302  DCMut+F+G4    4355.201     49  8808.402     8831.407     8983.438
303  DCMut+F+I+G4  4355.218     50  8810.437     8834.493     8989.044
304  DCMut+F+R2    4371.882     50  8843.765     8867.821     9022.372
305  DCMut+F+R3    4359.132     52  8822.263     8848.511     9008.015
306  DCMut+F+R4    4355.144     54  8818.288     8846.846     9011.185
313  PMB           4438.699     29  8935.397     8942.865     9038.990
314  PMB+I         4401.859     30  8863.718     8871.735     8970.882
315  PMB+G4        4344.290     30  8748.579     8756.596     8855.744
316  PMB+I+G4      4344.272     31  8750.544     8759.133     8861.281
317  PMB+R2        4348.888     31  8759.776     8768.365     8870.513
318  PMB+R3        4339.721     33  8745.442     8755.241     8863.323
319  PMB+R4        4338.350     35  8746.700     8757.802     8871.726
326  PMB+F         4394.623     48  8885.247     8907.228     9056.710
327  PMB+F+I       4365.396     49  8828.793     8851.798     9003.828
328  PMB+F+G4      4322.168     49  8742.337     8765.341     8917.372
329  PMB+F+I+G4    4322.166     50  8744.333     8768.389     8922.940
330  PMB+F+R2      4322.955     50  8745.909     8769.966     8924.517
331  PMB+F+R3      4318.070     52  8740.139     8766.387     8925.891
339  HIVb          4648.362     29  9354.724     9362.192     9458.316
340  HIVb+I        4565.722     30  9191.443     9199.461     9298.608
341  HIVb+G4       4421.777     30  8903.553     8911.570     9010.718
342  HIVb+I+G4     4421.419     31  8904.839     8913.427     9015.575
343  HIVb+R2       4439.820     31  8941.639     8950.228     9052.376
344  HIVb+R3       4424.745     33  8915.490     8925.289     9033.371
345  HIVb+R4       4419.888     35  8909.777     8920.878     9034.802
352  HIVb+F        4544.006     48  9184.012     9205.993     9355.475
353  HIVb+F+I      4486.982     49  9071.964     9094.968     9246.999
354  HIVb+F+G4     4379.879     49  8857.759     8880.764     9032.794
355  HIVb+F+I+G4   4379.734     50  8859.467     8883.524     9038.075
356  HIVb+F+R2     4398.416     50  8896.832     8920.889     9075.440
357  HIVb+F+R3     4385.625     52  8875.251     8901.498     9061.003
358  HIVb+F+R4     4381.730     54  8871.459     8900.017     9064.356
365  HIVw          4827.091     29  9712.182     9719.650     9815.775
366  HIVw+I        4721.762     30  9503.523     9511.541     9610.688
367  HIVw+G4       4538.213     30  9136.427     9144.444     9243.591
368  HIVw+I+G4     4536.949     31  9135.898     9144.486     9246.634
369  HIVw+R2       4565.599     31  9193.197     9201.786     9303.934
370  HIVw+R3       4551.923     33  9169.846     9179.646     9287.728
371  HIVw+R4       4545.372     35  9160.745     9171.846     9285.770
372  HIVw+R5       4534.709     37  9143.418     9155.916     9275.587
373  HIVw+R6       4527.384     39  9132.767     9146.758     9272.081
374  HIVw+R7       4524.412     41  9130.823     9146.407     9277.281
378  HIVw+F        4655.567     48  9407.133     9429.115     9578.597
379  HIVw+F+I      4575.828     49  9249.655     9272.660     9424.691
380  HIVw+F+G4     4437.053     49  8972.106     8995.110     9147.141
381  HIVw+F+I+G4   4436.609     50  8973.218     8997.274     9151.825
382  HIVw+F+R2     4466.586     50  9033.173     9057.229     9211.780
383  HIVw+F+R3     4453.038     52  9010.076     9036.324     9195.828
384  HIVw+F+R4     4447.825     54  9003.650     9032.207     9196.546
391  JTTDCMut      4516.112     29  9090.223     9097.691     9193.815
392  JTTDCMut+I    4458.902     30  8977.804     8985.822     9084.969
393  JTTDCMut+G4   4349.832     30  8759.664     8767.681     8866.829
394  JTTDCMut+I+G4 4349.847     31  8761.694     8770.282     8872.430
395  JTTDCMut+R2   4367.697     31  8797.394     8805.983     8908.131
396  JTTDCMut+R3   4349.942     33  8765.885     8775.684     8883.766
397  JTTDCMut+R4   4347.696     35  8765.393     8776.494     8890.418
404  JTTDCMut+F    4471.540     48  9039.080     9061.061     9210.543
405  JTTDCMut+F+I  4429.507     49  8957.014     8980.018     9132.049
406  JTTDCMut+F+G4 4345.469     49  8788.938     8811.943     8963.973
407  JTTDCMut+F+I+G4 4345.558     50  8791.116     8815.172     8969.723
408  JTTDCMut+F+R2 4357.292     50  8814.583     8838.640     8993.191
409  JTTDCMut+F+R3 4346.047     52  8796.093     8822.341     8981.845
410  JTTDCMut+F+R4 4344.066     54  8796.132     8824.689     8989.028
417  FLU           4632.550     29  9323.100     9330.568     9426.692
418  FLU+I         4562.174     30  9184.348     9192.365     9291.513
419  FLU+G4        4426.495     30  8912.990     8921.007     9020.154
420  FLU+I+G4      4426.420     31  8914.840     8923.429     9025.577
421  FLU+R2        4443.542     31  8949.084     8957.673     9059.821
422  FLU+R3        4431.394     33  8928.788     8938.587     9046.669
423  FLU+R4        4428.693     35  8927.387     8938.488     9052.412
430  FLU+F         4527.127     48  9150.254     9172.236     9321.718
431  FLU+F+I       4473.535     49  9045.071     9068.075     9220.106
432  FLU+F+G4      4365.537     49  8829.073     8852.078     9004.109
433  FLU+F+I+G4    4365.584     50  8831.167     8855.224     9009.775
434  FLU+F+R2      4384.061     50  8868.121     8892.178     9046.729
435  FLU+F+R3      4372.182     52  8848.364     8874.611     9034.116
436  FLU+F+R4      4370.053     54  8848.105     8876.663     9041.001
443  Blosum62      4438.677     29  8935.353     8942.821     9038.945
444  Blosum62+I    4398.215     30  8856.429     8864.447     8963.594
445  Blosum62+G4   4334.688     30  8729.376     8737.393     8836.541
446  Blosum62+I+G4 4334.683     31  8731.365     8739.954     8842.102
447  Blosum62+R2   4338.149     31  8738.298     8746.886     8849.034
448  Blosum62+R3   4329.235     33  8724.470     8734.269     8842.351
449  Blosum62+R4   4328.570     35  8727.141     8738.242     8852.166
456  Blosum62+F    4403.994     48  8903.988     8925.969     9075.451
457  Blosum62+F+I  4373.120     49  8844.240     8867.245     9019.276
458  Blosum62+F+G4 4327.336     49  8752.672     8775.677     8927.708
459  Blosum62+F+I+G4 4327.387     50  8754.773     8778.830     8933.381
460  Blosum62+F+R2 4329.612     50  8759.224     8783.281     8937.832
461  Blosum62+F+R3 4322.462     52  8748.925     8775.173     8934.677
462  Blosum62+F+R4 4321.990     54  8751.979     8780.537     8944.876
469  mtMet         4888.614     29  9835.227     9842.695     9938.820
470  mtMet+I       4811.136     30  9682.272     9690.289     9789.437
471  mtMet+G4      4688.146     30  9436.293     9444.310     9543.458
472  mtMet+I+G4    4687.849     31  9437.698     9446.287     9548.435
473  mtMet+R2      4683.648     31  9429.297     9437.886     9540.034
474  mtMet+R3      4678.029     33  9422.058     9431.857     9539.939
475  mtMet+R4      4677.042     35  9424.084     9435.185     9549.109
482  mtMet+F       4547.065     48  9190.129     9212.111     9361.593
483  mtMet+F+I     4487.382     49  9072.763     9095.768     9247.799
484  mtMet+F+G4    4365.985     49  8829.970     8852.974     9005.005
485  mtMet+F+I+G4  4366.022     50  8832.043     8856.100     9010.651
486  mtMet+F+R2    4386.069     50  8872.138     8896.194     9050.745
487  mtMet+F+R3    4372.702     52  8849.404     8875.652     9035.156
488  mtMet+F+R4    4371.076     54  8850.152     8878.710     9043.048
495  mtVer         4814.535     29  9687.070     9694.538     9790.662
496  mtVer+I       4746.314     30  9552.628     9560.645     9659.793
497  mtVer+G4      4637.600     30  9335.201     9343.218     9442.365
498  mtVer+I+G4    4637.513     31  9337.027     9345.615     9447.763
499  mtVer+R2      4639.836     31  9341.671     9350.260     9452.408
500  mtVer+R3      4630.239     33  9326.479     9336.278     9444.360
501  mtVer+R4      4629.143     35  9328.287     9339.388     9453.312
508  mtVer+F       4575.648     48  9247.297     9269.278     9418.760
509  mtVer+F+I     4508.692     49  9115.384     9138.389     9290.419
510  mtVer+F+G4    4378.411     49  8854.823     8877.827     9029.858
511  mtVer+F+I+G4  4378.394     50  8856.788     8880.844     9035.395
512  mtVer+F+R2    4400.771     50  8901.543     8925.599     9080.151
513  mtVer+F+R3    4387.123     52  8878.247     8904.494     9063.999
514  mtVer+F+R4    4385.152     54  8878.304     8906.861     9071.200
521  mtInv         4967.807     29  9993.614     10001.081    10097.206
522  mtInv+I       4888.855     30  9837.709     9845.727     9944.874
523  mtInv+G4      4765.955     30  9591.910     9599.928     9699.075
524  mtInv+I+G4    4765.482     31  9592.964     9601.553     9703.701
525  mtInv+R2      4756.443     31  9574.885     9583.474     9685.622
526  mtInv+R3      4752.405     33  9570.810     9580.609     9688.691
534  mtInv+F       4528.773     48  9153.546     9175.528     9325.010
535  mtInv+F+I     4473.189     49  9044.379     9067.384     9219.414
536  mtInv+F+G4    4359.796     49  8817.592     8840.597     8992.628
537  mtInv+F+I+G4  4359.906     50  8819.812     8843.868     8998.420
538  mtInv+F+R2    4378.339     50  8856.678     8880.735     9035.286
539  mtInv+F+R3    4365.999     52  8835.998     8862.246     9021.750
540  mtInv+F+R4    4364.441     54  8836.882     8865.440     9029.779
Akaike Information Criterion:           rtREV+G4
Corrected Akaike Information Criterion: rtREV+G4
Bayesian Information Criterion:         rtREV+G4
Best-fit model: rtREV+G4 chosen according to BIC

All model information printed to alpha5_obricella_align_clean.fa.model.gz
CPU time for ModelFinder: 264.808 seconds (0h:4m:24s)
Wall-clock time for ModelFinder: 114.218 seconds (0h:1m:54s)
Generating 1000 samples for ultrafast bootstrap (seed: 679035)...

NOTE: 3 MB RAM (0 GB) is required!
Measuring multi-threading efficiency up to 36 CPU cores
Increase to 10 rounds for branch lengths
693 trees examined
Threads: 1 / Time: 36.024 sec / Speedup: 1.000 / Efficiency: 100% / LogL: -4326
Threads: 2 / Time: 21.467 sec / Speedup: 1.678 / Efficiency: 84% / LogL: -4326
Threads: 3 / Time: 16.686 sec / Speedup: 2.159 / Efficiency: 72% / LogL: -4326
Threads: 4 / Time: 15.484 sec / Speedup: 2.327 / Efficiency: 58% / LogL: -4326
Threads: 5 / Time: 13.923 sec / Speedup: 2.587 / Efficiency: 52% / LogL: -4326
Threads: 6 / Time: 12.740 sec / Speedup: 2.828 / Efficiency: 47% / LogL: -4326
BEST NUMBER OF THREADS: 5

Estimate model parameters (epsilon = 0.100)
1. Initial log-likelihood: -4300.919
2. Current log-likelihood: -4300.660
Optimal log-likelihood: -4300.599
Gamma shape alpha: 0.926
Parameters optimization took 2 rounds (0.014 sec)
Computing ML distances based on estimated model parameters... 0.105 sec
WARNING: Some pairwise ML distances are too long (saturated)
Computing BIONJ tree...
0.000 seconds
Log-likelihood of BIONJ tree: -4281.830
--------------------------------------------------------------------
|             INITIALIZING CANDIDATE TREE SET                      |
--------------------------------------------------------------------
Generating 98 parsimony trees... 0.100 second
Computing log-likelihood of 98 initial trees ... 0.546 seconds
Current best score: -4281.830

Do NNI search on 20 best initial trees
Estimate model parameters (epsilon = 0.100)
BETTER TREE FOUND at iteration 1: -4279.478
Iteration 10 / LogL: -4285.273 / Time: 0h:1m:58s
Estimate model parameters (epsilon = 0.100)
BETTER TREE FOUND at iteration 16: -4278.913
WARNING: NNI search needs unusual large number of steps (16) to converge!
Iteration 20 / LogL: -4280.250 / Time: 0h:1m:59s
Finish initializing candidate tree set (17)
Current best tree score: -4278.913 / CPU time: 2.908
Number of iterations: 20
--------------------------------------------------------------------
|               OPTIMIZING CANDIDATE TREE SET                      |
--------------------------------------------------------------------
Estimate model parameters (epsilon = 0.100)
BETTER TREE FOUND at iteration 21: -4278.881
Iteration 30 / LogL: -4278.914 / Time: 0h:2m:0s (0h:6m:16s left)
Iteration 40 / LogL: -4278.881 / Time: 0h:2m:0s (0h:4m:11s left)
BETTER TREE FOUND at iteration 42: -4278.875
Estimate model parameters (epsilon = 0.100)
BETTER TREE FOUND at iteration 43: -4278.415
Estimate model parameters (epsilon = 0.100)
BETTER TREE FOUND at iteration 45: -4278.346
Iteration 50 / LogL: -4278.882 / Time: 0h:2m:1s (0h:3m:55s left)
Log-likelihood cutoff on original alignment: -4296.585
Iteration 60 / LogL: -4279.930 / Time: 0h:2m:2s (0h:2m:56s left)
Iteration 70 / LogL: -4279.199 / Time: 0h:2m:2s (0h:2m:13s left)
Iteration 80 / LogL: -4278.556 / Time: 0h:2m:3s (0h:1m:41s left)
Iteration 90 / LogL: -4278.649 / Time: 0h:2m:4s (0h:1m:16s left)
Iteration 100 / LogL: -4278.347 / Time: 0h:2m:4s (0h:0m:56s left)
Log-likelihood cutoff on original alignment: -4296.832
NOTE: Bootstrap correlation coefficient of split occurrence frequencies: 0.977
NOTE: UFBoot does not converge, continue at least 100 more iterations
Iteration 110 / LogL: -4278.427 / Time: 0h:2m:5s (0h:1m:43s left)
Iteration 120 / LogL: -4278.667 / Time: 0h:2m:6s (0h:1m:24s left)
Iteration 130 / LogL: -4278.347 / Time: 0h:2m:6s (0h:1m:8s left)
Iteration 140 / LogL: -4278.420 / Time: 0h:2m:7s (0h:0m:54s left)
Iteration 150 / LogL: -4278.347 / Time: 0h:2m:7s (0h:0m:42s left)
Log-likelihood cutoff on original alignment: -4296.919
Iteration 160 / LogL: -4278.427 / Time: 0h:2m:8s (0h:0m:32s left)
Iteration 170 / LogL: -4278.346 / Time: 0h:2m:9s (0h:0m:22s left)
Iteration 180 / LogL: -4278.509 / Time: 0h:2m:9s (0h:0m:14s left)
Estimate model parameters (epsilon = 0.100)
BETTER TREE FOUND at iteration 189: -4278.295
Iteration 190 / LogL: -4278.420 / Time: 0h:2m:10s (0h:1m:8s left)
UPDATE BEST LOG-LIKELIHOOD: -4278.293
Iteration 200 / LogL: -4278.293 / Time: 0h:2m:11s (0h:0m:58s left)
Log-likelihood cutoff on original alignment: -4296.905
NOTE: Bootstrap correlation coefficient of split occurrence frequencies: 0.990
NOTE: UFBoot does not converge, continue at least 100 more iterations
BETTER TREE FOUND at iteration 201: -4278.292
UPDATE BEST LOG-LIKELIHOOD: -4278.292
Iteration 210 / LogL: -4278.292 / Time: 0h:2m:12s (0h:0m:57s left)
Iteration 220 / LogL: -4280.210 / Time: 0h:2m:12s (0h:0m:49s left)
Iteration 230 / LogL: -4278.293 / Time: 0h:2m:13s (0h:0m:41s left)
Iteration 240 / LogL: -4278.349 / Time: 0h:2m:14s (0h:0m:34s left)
Iteration 250 / LogL: -4278.333 / Time: 0h:2m:14s (0h:0m:27s left)
Log-likelihood cutoff on original alignment: -4296.905
BETTER TREE FOUND at iteration 251: -4278.292
Iteration 260 / LogL: -4278.350 / Time: 0h:2m:15s (0h:0m:47s left)
Iteration 270 / LogL: -4278.390 / Time: 0h:2m:16s (0h:0m:40s left)
Iteration 280 / LogL: -4278.292 / Time: 0h:2m:16s (0h:0m:34s left)
Iteration 290 / LogL: -4278.292 / Time: 0h:2m:17s (0h:0m:29s left)
UPDATE BEST LOG-LIKELIHOOD: -4278.292
Iteration 300 / LogL: -4278.349 / Time: 0h:2m:18s (0h:0m:23s left)
Log-likelihood cutoff on original alignment: -4296.905
NOTE: Bootstrap correlation coefficient of split occurrence frequencies: 0.983
NOTE: UFBoot does not converge, continue at least 100 more iterations
Iteration 310 / LogL: -4279.936 / Time: 0h:2m:18s (0h:0m:40s left)
WARNING: NNI search needs unusual large number of steps (16) to converge!
Iteration 320 / LogL: -4278.798 / Time: 0h:2m:19s (0h:0m:34s left)
Iteration 330 / LogL: -4278.349 / Time: 0h:2m:20s (0h:0m:29s left)
Iteration 340 / LogL: -4278.350 / Time: 0h:2m:20s (0h:0m:24s left)
Iteration 350 / LogL: -4278.434 / Time: 0h:2m:21s (0h:0m:20s left)
Log-likelihood cutoff on original alignment: -4296.905
Iteration 360 / LogL: -4278.494 / Time: 0h:2m:22s (0h:0m:15s left)
Iteration 370 / LogL: -4278.643 / Time: 0h:2m:22s (0h:0m:11s left)
Iteration 380 / LogL: -4278.354 / Time: 0h:2m:23s (0h:0m:7s left)
Iteration 390 / LogL: -4278.751 / Time: 0h:2m:24s (0h:0m:3s left)
Iteration 400 / LogL: -4278.333 / Time: 0h:2m:25s (0h:0m:0s left)
Log-likelihood cutoff on original alignment: -4296.905
NOTE: Bootstrap correlation coefficient of split occurrence frequencies: 0.992
TREE SEARCH COMPLETED AFTER 400 ITERATIONS / Time: 0h:2m:25s

--------------------------------------------------------------------
|                    FINALIZING TREE SEARCH                        |
--------------------------------------------------------------------
Performs final model parameters optimization
Estimate model parameters (epsilon = 0.010)
1. Initial log-likelihood: -4278.292
Optimal log-likelihood: -4278.291
Gamma shape alpha: 0.939
Parameters optimization took 1 rounds (0.006 sec)
BEST SCORE FOUND : -4278.291
Creating bootstrap support values...
Split supports printed to NEXUS file alpha5_obricella_align_clean.fa.splits.nex
Total tree length: 28.037

Total number of iterations: 400
CPU time used for tree search: 142.521 sec (0h:2m:22s)
Wall-clock time used for tree search: 28.643 sec (0h:0m:28s)
Total CPU time used: 479.612 sec (0h:7m:59s)
Total wall-clock time used: 145.092 sec (0h:2m:25s)

Computing bootstrap consensus tree...
Reading input file alpha5_obricella_align_clean.fa.splits.nex...
16 taxa and 387 splits.
Consensus tree written to alpha5_obricella_align_clean.fa.contree
Reading input trees file alpha5_obricella_align_clean.fa.contree
Log-likelihood of consensus tree: -4278.352

Analysis results written to: 
  IQ-TREE report:                alpha5_obricella_align_clean.fa.iqtree
  Maximum-likelihood tree:       alpha5_obricella_align_clean.fa.treefile
  Likelihood distances:          alpha5_obricella_align_clean.fa.mldist

Ultrafast bootstrap approximation results written to:
  Split support values:          alpha5_obricella_align_clean.fa.splits.nex
  Consensus tree:                alpha5_obricella_align_clean.fa.contree
  Screen log file:               alpha5_obricella_align_clean.fa.log

Date and Time: Wed Nov 25 12:15:34 2020
