IQ-TREE multicore version 1.6.12 for Linux 64-bit built Aug 15 2019
Developed by Bui Quang Minh, Nguyen Lam Tung, Olga Chernomor,
Heiko Schmidt, Dominik Schrempf, Michael Woodhams.

Host:    p09r13n04.grace.hpc.yale.internal (AVX512, FMA3, 187 GB RAM)
Command: iqtree -s alpha6_humans_align_clean.fa -bb 1000 -nt AUTO
Seed:    720538 (Using SPRNG - Scalable Parallel Random Number Generator)
Time:    Wed Nov 25 13:26:32 2020
Kernel:  AVX+FMA - auto-detect threads (36 CPU cores detected)

Reading alignment file alpha6_humans_align_clean.fa ... Fasta format detected
Alignment most likely contains protein sequences
Alignment has 13 sequences with 1707 columns, 1381 distinct patterns
836 parsimony-informative, 457 singleton sites, 414 constant sites
                          Gap/Ambiguity  Composition  p-value
   1  Homo_sapiens                0.23%    failed      0.00%
   2  Bos_taurus                  0.18%    failed      0.00%
   3  Drosophila_melanogaster     7.79%    passed     11.27%
   4  Caenorhabditis_elegans      6.27%    failed      0.00%
   5  Daphnia_magna              44.23%    failed      0.00%
   6  Hydra_vulgaris              8.20%    failed      0.00%
   7  Nematostella_vectensis     24.25%    passed      5.91%
   8  Trichoplax_adhaerens       27.77%    failed      0.00%
   9  Amphimedon_queenslandica   28.82%    failed      0.00%
  10  Monosiga_brevicollis       23.55%    failed      0.00%
  11  Salpingoeca_rosetta        53.02%    failed      0.00%
  12  Ephydatia_muelleri         86.70%    failed      0.45%
  13  Escherichia_coli           64.09%    failed      0.00%
WARNING: 3 sequences contain more than 50% gaps/ambiguity
****  TOTAL                      28.85%  11 sequences failed composition chi2 test (p-value<5%; df=19)


Create initial parsimony tree by phylogenetic likelihood library (PLL)... 0.002 seconds
NOTE: ModelFinder requires 33 MB RAM!
ModelFinder will test 546 protein models (sample size: 1707) ...
 No. Model         -LnL         df  AIC          AICc         BIC
Measuring multi-threading efficiency up to 36 CPU cores
Increase to 10 rounds for branch lengths
624 trees examined
Threads: 1 / Time: 36.028 sec / Speedup: 1.000 / Efficiency: 100% / LogL: -32547
Threads: 2 / Time: 25.879 sec / Speedup: 1.392 / Efficiency: 70% / LogL: -32547
Threads: 3 / Time: 25.264 sec / Speedup: 1.426 / Efficiency: 48% / LogL: -32547
BEST NUMBER OF THREADS: 2

  1  Dayhoff       32000.278    23  64046.555    64047.211    64171.733
  2  Dayhoff+I     30738.567    24  61525.134    61525.847    61655.754
  3  Dayhoff+G4    30605.707    24  61259.414    61260.127    61390.033
  4  Dayhoff+I+G4  30503.560    25  61057.119    61057.893    61193.182
  5  Dayhoff+R2    30586.466    25  61222.931    61223.705    61358.993
  6  Dayhoff+R3    30515.471    27  61084.943    61085.843    61231.890
  7  Dayhoff+R4    30499.369    29  61056.738    61057.775    61214.570
  8  Dayhoff+R5    30491.366    31  61044.732    61045.917    61213.450
  9  Dayhoff+R6    30486.531    33  61039.061    61040.403    61218.664
 14  Dayhoff+F     31442.609    42  62969.217    62971.388    63197.802
 15  Dayhoff+F+I   30669.375    43  61424.750    61427.026    61658.778
 16  Dayhoff+F+G4  30474.791    43  61035.582    61037.857    61269.609
 17  Dayhoff+F+I+G4 30405.031    44  60898.063    60900.445    61137.532
 18  Dayhoff+F+R2  30509.958    44  61107.915    61110.298    61347.385
 19  Dayhoff+F+R3  30425.179    46  60942.359    60944.963    61192.713
 20  Dayhoff+F+R4  30412.185    48  60920.370    60923.208    61181.610
 21  Dayhoff+F+R5  30400.695    50  60901.391    60904.471    61173.515
 22  Dayhoff+F+R6  30392.246    52  60888.492    60891.824    61171.501
 23  Dayhoff+F+R7  30391.385    54  60890.769    60894.365    61184.664
 27  mtMAM         33635.394    23  67316.788    67317.444    67441.965
 28  mtMAM+I       32911.720    24  65871.439    65872.153    66002.059
 29  mtMAM+G4      32567.904    24  65183.808    65184.522    65314.428
 30  mtMAM+I+G4    32533.631    25  65117.262    65118.035    65253.324
 31  mtMAM+R2      32562.435    25  65174.870    65175.643    65310.932
 32  mtMAM+R3      32499.384    27  65052.767    65053.668    65199.714
 33  mtMAM+R4      32484.085    29  65026.169    65027.207    65184.001
 34  mtMAM+R5      32482.100    31  65026.200    65027.385    65194.918
 40  mtMAM+F       31222.019    42  62528.038    62530.209    62756.623
 41  mtMAM+F+I     30675.256    43  61436.511    61438.787    61670.539
 42  mtMAM+F+G4    30374.321    43  60834.642    60836.917    61068.669
 43  mtMAM+F+I+G4  30323.146    44  60734.293    60736.675    60973.762
 44  mtMAM+F+R2    30349.817    44  60787.634    60790.017    61027.104
 45  mtMAM+F+R3    30302.082    46  60696.164    60698.769    60946.519
 46  mtMAM+F+R4    30281.142    48  60658.284    60661.121    60919.524
 47  mtMAM+F+R5    30279.497    50  60658.994    60662.074    60931.119
 53  JTT           32048.284    23  64142.567    64143.223    64267.745
 54  JTT+I         30674.412    24  61396.824    61397.537    61527.444
 55  JTT+G4        30525.202    24  61098.404    61099.117    61229.023
 56  JTT+I+G4      30425.047    25  60900.095    60900.868    61036.157
 57  JTT+R2        30498.119    25  61046.238    61047.011    61182.300
 58  JTT+R3        30427.889    27  60909.777    60910.678    61056.725
 59  JTT+R4        30404.915    29  60867.830    60868.868    61025.662
 60  JTT+R5        30403.897    31  60869.793    60870.978    61038.511
 66  JTT+F         31630.722    42  63345.444    63347.614    63574.028
 67  JTT+F+I       30741.376    43  61568.753    61571.028    61802.780
 68  JTT+F+G4      30567.316    43  61220.631    61222.907    61454.658
 69  JTT+F+I+G4    30486.681    44  61061.363    61063.745    61300.832
 70  JTT+F+R2      30584.114    44  61256.228    61258.611    61495.698
 71  JTT+F+R3      30496.333    46  61084.666    61087.271    61335.021
 72  JTT+F+R4      30474.790    48  61045.581    61048.418    61306.820
 73  JTT+F+R5      30472.520    50  61045.041    61048.120    61317.165
 79  WAG           31280.517    23  62607.034    62607.690    62732.212
 80  WAG+I         30431.146    24  60910.292    60911.006    61040.912
 81  WAG+G4        30382.365    24  60812.730    60813.443    60943.350
 82  WAG+I+G4      30276.016    25  60602.032    60602.805    60738.094
 83  WAG+R2        30324.439    25  60698.877    60699.650    60834.939
 84  WAG+R3        30265.744    27  60585.488    60586.389    60732.435
 85  WAG+R4        30260.907    29  60579.814    60580.852    60737.646
 92  WAG+F         30793.434    42  61670.868    61673.038    61899.452
 93  WAG+F+I       30282.625    43  60651.249    60653.525    60885.276
 94  WAG+F+G4      30189.832    43  60465.664    60467.939    60699.691
 95  WAG+F+I+G4    30115.694    44  60319.388    60321.771    60558.858
 96  WAG+F+R2      30185.623    44  60459.247    60461.629    60698.716
 97  WAG+F+R3      30122.984    46  60337.968    60340.573    60588.323
 98  WAG+F+R4      30107.387    48  60310.773    60313.611    60572.013
 99  WAG+F+R5      30106.137    50  60312.275    60315.354    60584.399
105  cpREV         31516.668    23  63079.335    63079.991    63204.512
106  cpREV+I       30802.282    24  61652.563    61653.277    61783.183
107  cpREV+G4      30643.460    24  61334.920    61335.634    61465.540
108  cpREV+I+G4    30567.359    25  61184.718    61185.492    61320.781
109  cpREV+R2      30593.621    25  61237.242    61238.015    61373.304
110  cpREV+R3      30536.569    27  61127.138    61128.039    61274.085
111  cpREV+R4      30536.157    29  61130.314    61131.352    61288.146
118  cpREV+F       30912.941    42  61909.882    61912.053    62138.467
119  cpREV+F+I     30432.882    43  60951.764    60954.039    61185.791
120  cpREV+F+G4    30199.432    43  60484.863    60487.139    60718.891
121  cpREV+F+I+G4  30147.827    44  60383.654    60386.036    60623.123
122  cpREV+F+R2    30210.442    44  60508.884    60511.267    60748.354
123  cpREV+F+R3    30145.589    46  60383.179    60385.784    60633.533
124  cpREV+F+R4    30134.816    48  60365.632    60368.469    60626.871
125  cpREV+F+R5    30134.319    50  60368.638    60371.718    60640.763
131  mtREV         32883.081    23  65812.161    65812.817    65937.339
132  mtREV+I       32320.726    24  64689.452    64690.165    64820.072
133  mtREV+G4      32115.629    24  64279.257    64279.971    64409.877
134  mtREV+I+G4    32064.730    25  64179.461    64180.234    64315.523
135  mtREV+R2      32086.618    25  64223.236    64224.010    64359.299
136  mtREV+R3      32040.692    27  64135.385    64136.285    64282.332
137  mtREV+R4      32031.582    29  64121.163    64122.201    64278.996
138  mtREV+R5      32031.465    31  64124.930    64126.115    64293.647
144  mtREV+F       30602.148    42  61288.296    61290.466    61516.880
145  mtREV+F+I     30236.010    43  60558.020    60560.296    60792.047
146  mtREV+F+G4    30019.078    43  60124.156    60126.432    60358.184
147  mtREV+F+I+G4  29972.932    44  60033.864    60036.247    60273.334
148  mtREV+F+R2    30012.139    44  60112.277    60114.660    60351.747
149  mtREV+F+R3    29958.086    46  60008.172    60010.777    60258.527
150  mtREV+F+R4    29952.511    48  60001.022    60003.859    60262.261
157  rtREV         31289.881    23  62625.762    62626.418    62750.939
158  rtREV+I       30413.361    24  60874.722    60875.436    61005.342
159  rtREV+G4      30235.706    24  60519.412    60520.125    60650.032
160  rtREV+I+G4    30158.356    25  60366.712    60367.485    60502.774
161  rtREV+R2      30204.069    25  60458.137    60458.911    60594.200
162  rtREV+R3      30123.684    27  60301.367    60302.268    60448.315
163  rtREV+R4      30121.799    29  60301.598    60302.636    60459.430
170  rtREV+F       31009.139    42  62102.279    62104.449    62330.863
171  rtREV+F+I     30435.662    43  60957.325    60959.600    61191.352
172  rtREV+F+G4    30280.998    43  60647.997    60650.272    60882.024
173  rtREV+F+I+G4  30215.959    44  60519.917    60522.300    60759.387
174  rtREV+F+R2    30285.831    44  60659.662    60662.045    60899.132
175  rtREV+F+R3    30216.719    46  60525.438    60528.043    60775.793
176  rtREV+F+R4    30200.646    48  60497.292    60500.129    60758.531
177  rtREV+F+R5    30200.087    50  60500.174    60503.254    60772.298
183  mtART         35441.638    23  70929.276    70929.932    71054.454
184  mtART+I       33714.104    24  67476.208    67476.922    67606.828
185  mtART+G4      33194.323    24  66436.645    66437.359    66567.265
186  mtART+I+G4    33118.570    25  66287.139    66287.912    66423.201
187  mtART+R2      33157.343    25  66364.687    66365.460    66500.749
188  mtART+R3      33065.021    27  66184.042    66184.942    66330.989
189  mtART+R4      33041.014    29  66140.029    66141.067    66297.861
190  mtART+R5      33040.317    31  66142.635    66143.819    66311.352
196  mtART+F       32022.325    42  64128.651    64130.821    64357.235
197  mtART+F+I     31144.470    43  62374.940    62377.215    62608.967
198  mtART+F+G4    30638.393    43  61362.787    61365.062    61596.814
199  mtART+F+I+G4  30582.076    44  61252.152    61254.534    61491.621
200  mtART+F+R2    30659.941    44  61407.883    61410.265    61647.352
201  mtART+F+R3    30572.941    46  61237.881    61240.486    61488.236
202  mtART+F+R4    30550.315    48  61196.629    61199.466    61457.869
203  mtART+F+R5    30549.069    50  61198.139    61201.219    61470.264
209  mtZOA         34937.256    23  69920.512    69921.168    70045.690
210  mtZOA+I       33001.378    24  66050.756    66051.469    66181.376
211  mtZOA+G4      32591.732    24  65231.464    65232.178    65362.084
212  mtZOA+I+G4    32480.079    25  65010.158    65010.932    65146.221
213  mtZOA+R2      32463.610    25  64977.221    64977.994    65113.283
214  mtZOA+R3      32391.762    27  64837.524    64838.425    64984.472
215  mtZOA+R4      32376.380    29  64810.759    64811.797    64968.592
216  mtZOA+R5      32376.069    31  64814.138    64815.322    64982.855
222  mtZOA+F       32037.144    42  64158.288    64160.458    64386.872
223  mtZOA+F+I     31090.672    43  62267.344    62269.619    62501.371
224  mtZOA+F+G4    30626.392    43  61338.784    61341.060    61572.811
225  mtZOA+F+I+G4  30564.958    44  61217.917    61220.300    61457.387
226  mtZOA+F+R2    30665.827    44  61419.654    61422.036    61659.123
227  mtZOA+F+R3    30554.310    46  61200.620    61203.224    61450.974
228  mtZOA+F+R4    30534.432    48  61164.865    61167.702    61426.105
229  mtZOA+F+R5    30533.508    50  61167.017    61170.097    61439.141
235  VT            31403.626    23  62853.252    62853.908    62978.430
236  VT+I          30376.348    24  60800.695    60801.409    60931.315
237  VT+G4         30353.382    24  60754.764    60755.477    60885.383
238  VT+I+G4       30233.641    25  60517.281    60518.055    60653.344
239  VT+R2         30257.409    25  60564.817    60565.591    60700.879
240  VT+R3         30211.735    27  60477.470    60478.371    60624.418
241  VT+R4         30211.163    29  60480.327    60481.364    60638.159
248  VT+F          30995.292    42  62074.584    62076.755    62303.169
249  VT+F+I        30359.431    43  60804.861    60807.137    61038.889
250  VT+F+G4       30339.841    43  60765.682    60767.957    60999.709
251  VT+F+I+G4     30239.645    44  60567.290    60569.673    60806.760
252  VT+F+R2       30281.632    44  60651.264    60653.646    60890.733
253  VT+F+R3       30236.761    46  60565.522    60568.126    60815.876
254  VT+F+R4       30229.341    48  60554.682    60557.519    60815.921
261  LG            31985.109    23  64016.218    64016.874    64141.396
262  LG+I          30781.139    24  61610.278    61610.992    61740.898
263  LG+G4         30549.205    24  61146.410    61147.123    61277.030
264  LG+I+G4       30467.473    25  60984.946    60985.720    61121.009
265  LG+R2         30521.230    25  61092.461    61093.234    61228.523
266  LG+R3         30441.530    27  60937.059    60937.960    61084.006
267  LG+R4         30438.596    29  60935.192    60936.230    61093.025
274  LG+F          31335.457    42  62754.914    62757.085    62983.499
275  LG+F+I        30634.281    43  61354.563    61356.838    61588.590
276  LG+F+G4       30406.232    43  60898.464    60900.739    61132.491
277  LG+F+I+G4     30347.436    44  60782.873    60785.255    61022.342
278  LG+F+R2       30445.310    44  60978.620    60981.003    61218.090
279  LG+F+R3       30366.015    46  60824.030    60826.635    61074.385
280  LG+F+R4       30338.216    48  60772.431    60775.268    61033.671
281  LG+F+R5       30333.879    50  60767.758    60770.838    61039.883
287  DCMut         31996.247    23  64038.494    64039.150    64163.671
288  DCMut+I       30735.466    24  61518.932    61519.646    61649.552
289  DCMut+G4      30604.133    24  61256.266    61256.979    61386.886
290  DCMut+I+G4    30501.571    25  61053.143    61053.916    61189.205
291  DCMut+R2      30582.246    25  61214.491    61215.264    61350.553
292  DCMut+R3      30506.490    27  61066.981    61067.881    61213.928
293  DCMut+R4      30487.485    29  61032.970    61034.008    61190.802
294  DCMut+R5      30484.365    31  61030.729    61031.914    61199.446
300  DCMut+F       31443.174    42  62970.347    62972.518    63198.932
301  DCMut+F+I     30669.202    43  61424.405    61426.680    61658.432
302  DCMut+F+G4    30475.984    43  61037.968    61040.243    61271.995
303  DCMut+F+I+G4  30405.904    44  60899.809    60902.191    61139.278
304  DCMut+F+R2    30511.206    44  61110.412    61112.795    61349.882
305  DCMut+F+R3    30428.747    46  60949.494    60952.098    61199.848
306  DCMut+F+R4    30398.150    48  60892.300    60895.137    61153.539
307  DCMut+F+R5    30393.189    50  60886.377    60889.457    61158.502
313  PMB           31378.794    23  62803.589    62804.245    62928.766
314  PMB+I         30539.015    24  61126.030    61126.743    61256.649
315  PMB+G4        30614.501    24  61277.002    61277.715    61407.621
316  PMB+I+G4      30461.622    25  60973.245    60974.018    61109.307
317  PMB+R2        30461.491    25  60972.982    60973.755    61109.044
318  PMB+R3        30434.184    27  60922.367    60923.268    61069.315
319  PMB+R4        30433.148    29  60924.295    60925.333    61082.128
326  PMB+F         30803.193    42  61690.387    61692.557    61918.971
327  PMB+F+I       30233.649    43  60553.298    60555.573    60787.325
328  PMB+F+G4      30293.872    43  60673.744    60676.019    60907.771
329  PMB+F+I+G4    30166.167    44  60420.334    60422.717    60659.804
330  PMB+F+R2      30183.346    44  60454.692    60457.075    60694.162
331  PMB+F+R3      30151.479    46  60394.957    60397.562    60645.312
332  PMB+F+R4      30150.335    48  60396.670    60399.507    60657.910
339  HIVb          32832.624    23  65711.249    65711.905    65836.426
340  HIVb+I        31131.652    24  62311.304    62312.017    62441.924
341  HIVb+G4       30888.278    24  61824.556    61825.270    61955.176
342  HIVb+I+G4     30778.805    25  61607.609    61608.383    61743.672
343  HIVb+R2       30875.147    25  61800.294    61801.068    61936.357
344  HIVb+R3       30755.203    27  61564.407    61565.307    61711.354
345  HIVb+R4       30750.471    29  61558.942    61559.980    61716.775
352  HIVb+F        32143.170    42  64370.339    64372.510    64598.924
353  HIVb+F+I      31041.465    43  62168.930    62171.205    62402.957
354  HIVb+F+G4     30741.541    43  61569.081    61571.357    61803.109
355  HIVb+F+I+G4   30649.341    44  61386.682    61389.064    61626.151
356  HIVb+F+R2     30812.394    44  61712.787    61715.170    61952.257
357  HIVb+F+R3     30650.857    46  61393.714    61396.319    61644.068
358  HIVb+F+R4     30642.596    48  61381.193    61384.030    61642.432
359  HIVb+F+R5     30630.327    50  61360.654    61363.733    61632.778
360  HIVb+F+R6     30630.123    52  61364.245    61367.578    61647.255
365  HIVw          34080.105    23  68206.211    68206.867    68331.388
366  HIVw+I        31945.422    24  63938.844    63939.557    64069.463
367  HIVw+G4       31585.190    24  63218.380    63219.094    63349.000
368  HIVw+I+G4     31486.300    25  63022.601    63023.374    63158.663
369  HIVw+R2       31641.085    25  63332.170    63332.943    63468.232
370  HIVw+R3       31482.876    27  63019.752    63020.653    63166.700
371  HIVw+R4       31472.685    29  63003.369    63004.407    63161.202
372  HIVw+R5       31461.008    31  62984.016    62985.200    63152.733
373  HIVw+R6       31460.962    33  62987.923    62989.265    63167.526
378  HIVw+F        33040.362    42  66164.725    66166.895    66393.310
379  HIVw+F+I      31533.667    43  63153.333    63155.609    63387.361
380  HIVw+F+G4     31176.547    43  62439.094    62441.369    62673.121
381  HIVw+F+I+G4   31089.975    44  62267.950    62270.333    62507.420
382  HIVw+F+R2     31280.602    44  62649.203    62651.586    62888.673
383  HIVw+F+R3     31103.688    46  62299.376    62301.981    62549.731
384  HIVw+F+R4     31086.473    48  62268.946    62271.783    62530.186
385  HIVw+F+R5     31065.333    50  62230.666    62233.746    62502.791
386  HIVw+F+R6     31065.248    52  62234.496    62237.829    62517.506
391  JTTDCMut      31960.221    23  63966.442    63967.098    64091.620
392  JTTDCMut+I    30646.524    24  61341.047    61341.761    61471.667
393  JTTDCMut+G4   30513.271    24  61074.543    61075.256    61205.162
394  JTTDCMut+I+G4 30411.438    25  60872.876    60873.649    61008.938
395  JTTDCMut+R2   30463.844    25  60977.688    60978.462    61113.750
396  JTTDCMut+R3   30391.979    27  60837.958    60838.859    60984.905
397  JTTDCMut+R4   30390.852    29  60839.704    60840.742    60997.537
404  JTTDCMut+F    31537.048    42  63158.096    63160.267    63386.681
405  JTTDCMut+F+I  30690.030    43  61466.060    61468.335    61700.087
406  JTTDCMut+F+G4 30530.543    43  61147.086    61149.362    61381.114
407  JTTDCMut+F+I+G4 30448.535    44  60985.071    60987.453    61224.540
408  JTTDCMut+F+R2 30532.680    44  61153.359    61155.742    61392.829
409  JTTDCMut+F+R3 30453.586    46  60999.171    61001.776    61249.526
410  JTTDCMut+F+R4 30437.833    48  60971.666    60974.503    61232.905
411  JTTDCMut+F+R5 30434.247    50  60968.495    60971.574    61240.619
417  FLU           32556.603    23  65159.205    65159.861    65284.382
418  FLU+I         31113.864    24  62275.729    62276.442    62406.349
419  FLU+G4        30886.222    24  61820.444    61821.157    61951.064
420  FLU+I+G4      30790.242    25  61630.484    61631.257    61766.546
421  FLU+R2        30858.515    25  61767.030    61767.804    61903.093
422  FLU+R3        30764.761    27  61583.522    61584.423    61730.469
423  FLU+R4        30756.737    29  61571.473    61572.511    61729.306
424  FLU+R5        30754.885    31  61571.771    61572.955    61740.488
430  FLU+F         31898.096    42  63880.193    63882.363    64108.777
431  FLU+F+I       30912.890    43  61911.780    61914.055    62145.807
432  FLU+F+G4      30629.709    43  61345.417    61347.693    61579.444
433  FLU+F+I+G4    30541.776    44  61171.552    61173.935    61411.022
434  FLU+F+R2      30680.946    44  61449.892    61452.275    61689.362
435  FLU+F+R3      30532.957    46  61157.915    61160.519    61408.269
436  FLU+F+R4      30525.087    48  61146.174    61149.011    61407.414
437  FLU+F+R5      30521.289    50  61142.579    61145.659    61414.704
443  Blosum62      31467.201    23  62980.402    62981.058    63105.579
444  Blosum62+I    30570.922    24  61189.843    61190.556    61320.463
445  Blosum62+G4   30600.389    24  61248.777    61249.490    61379.397
446  Blosum62+I+G4 30461.598    25  60973.196    60973.969    61109.258
447  Blosum62+R2   30471.123    25  60992.246    60993.019    61128.308
448  Blosum62+R3   30432.237    27  60918.473    60919.374    61065.420
449  Blosum62+R4   30432.217    29  60922.433    60923.471    61080.266
456  Blosum62+F    30898.996    42  61881.991    61884.162    62110.576
457  Blosum62+F+I  30310.775    43  60707.549    60709.825    60941.576
458  Blosum62+F+G4 30327.301    43  60740.601    60742.877    60974.628
459  Blosum62+F+I+G4 30214.603    44  60517.207    60519.589    60756.676
460  Blosum62+F+R2 30244.497    44  60576.995    60579.377    60816.464
461  Blosum62+F+R3 30201.688    46  60495.376    60497.980    60745.730
462  Blosum62+F+R4 30201.654    48  60499.307    60502.144    60760.547
469  mtMet         34868.262    23  69782.524    69783.180    69907.701
470  mtMet+I       33234.702    24  66517.404    66518.117    66648.024
471  mtMet+G4      33041.226    24  66130.453    66131.166    66261.073
472  mtMet+I+G4    32900.819    25  65851.637    65852.411    65987.700
473  mtMet+R2      32840.608    25  65731.215    65731.989    65867.278
474  mtMet+R3      32789.643    27  65633.287    65634.187    65780.234
475  mtMet+R4      32789.615    29  65637.230    65638.268    65795.062
482  mtMet+F       32080.737    42  64245.473    64247.644    64474.058
483  mtMet+F+I     31027.469    43  62140.939    62143.214    62374.966
484  mtMet+F+G4    30672.323    43  61430.646    61432.921    61664.673
485  mtMet+F+I+G4  30595.690    44  61279.381    61281.764    61518.851
486  mtMet+F+R2    30693.090    44  61474.180    61476.563    61713.650
487  mtMet+F+R3    30584.290    46  61260.580    61263.185    61510.935
488  mtMet+F+R4    30584.253    48  61264.506    61267.343    61525.746
495  mtVer         34311.663    23  68669.326    68669.982    68794.504
496  mtVer+I       32924.982    24  65897.964    65898.677    66028.584
497  mtVer+G4      32709.227    24  65466.454    65467.167    65597.074
498  mtVer+I+G4    32605.871    25  65261.743    65262.516    65397.805
499  mtVer+R2      32569.068    25  65188.135    65188.909    65324.198
500  mtVer+R3      32518.792    27  65091.583    65092.484    65238.530
501  mtVer+R4      32518.784    29  65095.568    65096.605    65253.400
508  mtVer+F       32331.367    42  64746.734    64748.904    64975.318
509  mtVer+F+I     31181.921    43  62449.841    62452.117    62683.869
510  mtVer+F+G4    30783.954    43  61653.908    61656.184    61887.936
511  mtVer+F+I+G4  30706.800    44  61501.600    61503.983    61741.070
512  mtVer+F+R2    30811.004    44  61710.007    61712.390    61949.477
513  mtVer+F+R3    30699.234    46  61490.468    61493.073    61740.823
514  mtVer+F+R4    30699.165    48  61494.329    61497.166    61755.569
521  mtInv         35457.075    23  70960.150    70960.806    71085.328
522  mtInv+I       33775.099    24  67598.199    67598.912    67728.818
523  mtInv+G4      33608.572    24  67265.144    67265.857    67395.764
524  mtInv+I+G4    33452.680    25  66955.360    66956.133    67091.422
525  mtInv+R2      33399.746    25  66849.492    66850.265    66985.554
526  mtInv+R3      33344.768    27  66743.535    66744.436    66890.482
527  mtInv+R4      33344.766    29  66747.532    66748.570    66905.364
534  mtInv+F       31931.157    42  63946.315    63948.485    64174.899
535  mtInv+F+I     30932.560    43  61951.119    61953.395    62185.146
536  mtInv+F+G4    30626.388    43  61338.776    61341.051    61572.803
537  mtInv+F+I+G4  30549.388    44  61186.775    61189.158    61426.245
538  mtInv+F+R2    30647.118    44  61382.235    61384.618    61621.705
539  mtInv+F+R3    30546.559    46  61185.118    61187.723    61435.473
540  mtInv+F+R4    30546.531    48  61189.063    61191.900    61450.302
Akaike Information Criterion:           mtREV+F+R4
Corrected Akaike Information Criterion: mtREV+F+R4
Bayesian Information Criterion:         mtREV+F+R3
Best-fit model: mtREV+F+R3 chosen according to BIC

All model information printed to alpha6_humans_align_clean.fa.model.gz
CPU time for ModelFinder: 508.768 seconds (0h:8m:28s)
Wall-clock time for ModelFinder: 260.047 seconds (0h:4m:20s)
Generating 1000 samples for ultrafast bootstrap (seed: 720538)...

NOTE: 13 MB RAM (0 GB) is required!
Measuring multi-threading efficiency up to 36 CPU cores
Increase to 10 rounds for branch lengths
205 trees examined
Threads: 1 / Time: 36.148 sec / Speedup: 1.000 / Efficiency: 100% / LogL: -30110
Threads: 2 / Time: 18.141 sec / Speedup: 1.993 / Efficiency: 100% / LogL: -30110
Threads: 3 / Time: 12.477 sec / Speedup: 2.897 / Efficiency: 97% / LogL: -30110
Threads: 4 / Time: 13.789 sec / Speedup: 2.621 / Efficiency: 66% / LogL: -30110
BEST NUMBER OF THREADS: 3

Estimate model parameters (epsilon = 0.100)
1. Initial log-likelihood: -30024.804
2. Current log-likelihood: -29999.389
3. Current log-likelihood: -29993.817
4. Current log-likelihood: -29990.778
5. Current log-likelihood: -29988.330
6. Current log-likelihood: -29986.217
7. Current log-likelihood: -29984.384
8. Current log-likelihood: -29983.012
9. Current log-likelihood: -29982.461
10. Current log-likelihood: -29982.148
11. Current log-likelihood: -29981.907
12. Current log-likelihood: -29981.724
13. Current log-likelihood: -29981.586
14. Current log-likelihood: -29981.483
Optimal log-likelihood: -29981.383
Site proportion and rates:  (0.277,0.142) (0.205,0.628) (0.519,1.604)
Parameters optimization took 14 rounds (1.009 sec)
Computing ML distances based on estimated model parameters... 0.042 sec
Computing BIONJ tree...
0.000 seconds
Log-likelihood of BIONJ tree: -29967.947
--------------------------------------------------------------------
|             INITIALIZING CANDIDATE TREE SET                      |
--------------------------------------------------------------------
Generating 98 parsimony trees... 0.278 second
Computing log-likelihood of 97 initial trees ... 1.625 seconds
Current best score: -29963.514

Do NNI search on 20 best initial trees
Estimate model parameters (epsilon = 0.100)
BETTER TREE FOUND at iteration 1: -29933.906
Estimate model parameters (epsilon = 0.100)
BETTER TREE FOUND at iteration 2: -29931.577
Iteration 10 / LogL: -29932.145 / Time: 0h:1m:26s
Iteration 20 / LogL: -29932.448 / Time: 0h:1m:28s
Finish initializing candidate tree set (9)
Current best tree score: -29931.577 / CPU time: 6.927
Number of iterations: 20
--------------------------------------------------------------------
|               OPTIMIZING CANDIDATE TREE SET                      |
--------------------------------------------------------------------
Iteration 30 / LogL: -29936.410 / Time: 0h:1m:30s (0h:3m:43s left)
Iteration 40 / LogL: -29936.509 / Time: 0h:1m:31s (0h:2m:25s left)
Iteration 50 / LogL: -29946.037 / Time: 0h:1m:33s (0h:1m:38s left)
Log-likelihood cutoff on original alignment: -29962.428
Iteration 60 / LogL: -29938.676 / Time: 0h:1m:35s (0h:1m:7s left)
Iteration 70 / LogL: -29931.607 / Time: 0h:1m:37s (0h:0m:45s left)
Iteration 80 / LogL: -29932.417 / Time: 0h:1m:38s (0h:0m:27s left)
Iteration 90 / LogL: -29946.559 / Time: 0h:1m:40s (0h:0m:13s left)
Iteration 100 / LogL: -29932.866 / Time: 0h:1m:42s (0h:0m:2s left)
Log-likelihood cutoff on original alignment: -29958.409
NOTE: Bootstrap correlation coefficient of split occurrence frequencies: 0.996
TREE SEARCH COMPLETED AFTER 103 ITERATIONS / Time: 0h:1m:42s

--------------------------------------------------------------------
|                    FINALIZING TREE SEARCH                        |
--------------------------------------------------------------------
Performs final model parameters optimization
Estimate model parameters (epsilon = 0.010)
1. Initial log-likelihood: -29931.577
2. Current log-likelihood: -29931.536
3. Current log-likelihood: -29931.518
Optimal log-likelihood: -29931.509
Site proportion and rates:  (0.183,0.027) (0.264,0.432) (0.553,1.594)
Parameters optimization took 3 rounds (0.130 sec)
BEST SCORE FOUND : -29931.509
Creating bootstrap support values...
Split supports printed to NEXUS file alpha6_humans_align_clean.fa.splits.nex
Total tree length: 13.705

Total number of iterations: 103
CPU time used for tree search: 62.608 sec (0h:1m:2s)
Wall-clock time used for tree search: 21.053 sec (0h:0m:21s)
Total CPU time used: 231.403 sec (0h:3m:51s)
Total wall-clock time used: 102.970 sec (0h:1m:42s)

Computing bootstrap consensus tree...
Reading input file alpha6_humans_align_clean.fa.splits.nex...
13 taxa and 168 splits.
Consensus tree written to alpha6_humans_align_clean.fa.contree
Reading input trees file alpha6_humans_align_clean.fa.contree
Log-likelihood of consensus tree: -29931.503

Analysis results written to: 
  IQ-TREE report:                alpha6_humans_align_clean.fa.iqtree
  Maximum-likelihood tree:       alpha6_humans_align_clean.fa.treefile
  Likelihood distances:          alpha6_humans_align_clean.fa.mldist

Ultrafast bootstrap approximation results written to:
  Split support values:          alpha6_humans_align_clean.fa.splits.nex
  Consensus tree:                alpha6_humans_align_clean.fa.contree
  Screen log file:               alpha6_humans_align_clean.fa.log

Date and Time: Wed Nov 25 13:32:35 2020
